#
# There is insufficient memory for the Java Runtime Environment to continue.
# Native memory allocation (malloc) failed to allocate 131088 bytes for Chunk::new
# Possible reasons:
#   The system is out of physical RAM or swap space
#   The process is running with CompressedOops enabled, and the Java Heap may be blocking the growth of the native heap
# Possible solutions:
#   Reduce memory load on the system
#   Increase physical memory or swap space
#   Check if swap backing store is full
#   Decrease Java heap size (-Xmx/-Xms)
#   Decrease number of Java threads
#   Decrease Java thread stack sizes (-Xss)
#   Set larger code cache with -XX:ReservedCodeCacheSize=
#   JVM is running with Unscaled Compressed Oops mode in which the Java heap is
#     placed in the first 4GB address space. The Java Heap base address is the
#     maximum limit for the native heap growth. Please use -XX:HeapBaseMinAddress
#     to set the Java Heap base and to place the Java Heap above 4GB virtual address.
# This output file may be truncated or incomplete.
#
#  Out of Memory Error (allocation.cpp:389), pid=11876, tid=0x00000000000042c0
#
# JRE version: OpenJDK Runtime Environment (8.0_242-b01) (build 1.8.0_242-release-1644-b01)
# Java VM: OpenJDK 64-Bit Server VM (25.242-b01 mixed mode windows-amd64 compressed oops)
# Failed to write core dump. Minidumps are not enabled by default on client versions of Windows
#

---------------  T H R E A D  ---------------

Current thread (0x0000000019060000):  JavaThread "C2 CompilerThread1" daemon [_thread_in_native, id=17088, stack(0x000000001a7a0000,0x000000001a8a0000)]

Stack: [0x000000001a7a0000,0x000000001a8a0000]
[error occurred during error reporting (printing stack bounds), id 0xc0000005]

Native frames: (J=compiled Java code, j=interpreted, Vv=VM code, C=native code)


Current CompileTask:
C2:  15069 9274   !   4       com.google.common.reflect.TypeVisitor::visit (225 bytes)


---------------  P R O C E S S  ---------------

Java Threads: ( => current thread )
  0x000000001b3cc800 JavaThread "WorkerExecutor Queue Thread 13" [_thread_blocked, id=24664, stack(0x000000002b060000,0x000000002b160000)]
  0x000000001b3ca800 JavaThread "WorkerExecutor Queue Thread 12" [_thread_blocked, id=21060, stack(0x000000002af60000,0x000000002b060000)]
  0x000000001b3cc000 JavaThread "WorkerExecutor Queue Thread 11" [_thread_blocked, id=21920, stack(0x000000002ae60000,0x000000002af60000)]
  0x000000001b3c9000 JavaThread "WorkerExecutor Queue Thread 10" [_thread_blocked, id=8540, stack(0x000000002ad60000,0x000000002ae60000)]
  0x000000001b3cb000 JavaThread "WorkerExecutor Queue Thread 9" [_thread_blocked, id=10044, stack(0x000000002ac60000,0x000000002ad60000)]
  0x000000001b3c9800 JavaThread "WorkerExecutor Queue Thread 8" [_thread_blocked, id=10864, stack(0x000000002ab60000,0x000000002ac60000)]
  0x0000000021e5d800 JavaThread "WorkerExecutor Queue Thread 7" [_thread_blocked, id=22092, stack(0x000000002aa60000,0x000000002ab60000)]
  0x0000000021e5c800 JavaThread "WorkerExecutor Queue Thread 6" [_thread_blocked, id=14732, stack(0x000000002a960000,0x000000002aa60000)]
  0x0000000021e5c000 JavaThread "WorkerExecutor Queue Thread 5" [_thread_blocked, id=27364, stack(0x000000002a860000,0x000000002a960000)]
  0x0000000021e54800 JavaThread "WorkerExecutor Queue Thread 4" [_thread_blocked, id=20356, stack(0x000000002a760000,0x000000002a860000)]
  0x0000000021e5b000 JavaThread "WorkerExecutor Queue Thread 3" [_thread_in_vm, id=18616, stack(0x000000002a660000,0x000000002a760000)]
  0x0000000021e5a800 JavaThread "WorkerExecutor Queue Thread 2" [_thread_blocked, id=7540, stack(0x000000002a560000,0x000000002a660000)]
  0x0000000021e59800 JavaThread "WorkerExecutor Queue" [_thread_blocked, id=17612, stack(0x000000002a460000,0x000000002a560000)]
  0x0000000021e59000 JavaThread "ForkJoinPool.commonPool-worker-4" daemon [_thread_blocked, id=16420, stack(0x000000002a160000,0x000000002a260000)]
  0x0000000021e58000 JavaThread "ForkJoinPool.commonPool-worker-11" daemon [_thread_blocked, id=28568, stack(0x000000002a060000,0x000000002a160000)]
  0x0000000021e57800 JavaThread "ForkJoinPool.commonPool-worker-2" daemon [_thread_blocked, id=22408, stack(0x0000000029b30000,0x0000000029c30000)]
  0x0000000021e50000 JavaThread "ForkJoinPool.commonPool-worker-9" daemon [_thread_blocked, id=21056, stack(0x0000000029430000,0x0000000029530000)]
  0x0000000021e56800 JavaThread "Cache worker for Java compile cache (E:\Android_projects\androclient\.gradle\6.1.1\javaCompile)" [_thread_blocked, id=9552, stack(0x0000000029a30000,0x0000000029b30000)]
  0x0000000021e51800 JavaThread "Cache worker for Java compile cache (C:\Users\Alex\.gradle\caches\6.1.1\javaCompile)" [_thread_blocked, id=27264, stack(0x0000000029930000,0x0000000029a30000)]
  0x0000000021e4f000 JavaThread "RMI TCP Connection(1)-127.0.0.1" daemon [_thread_in_native, id=4944, stack(0x0000000029830000,0x0000000029930000)]
  0x0000000021e4e800 JavaThread "RMI Reaper" [_thread_blocked, id=20336, stack(0x0000000029730000,0x0000000029830000)]
  0x0000000021e55000 JavaThread "RMI TCP Accept-0" daemon [_thread_in_native, id=6160, stack(0x0000000029630000,0x0000000029730000)]
  0x0000000021e53000 JavaThread "GC Daemon" daemon [_thread_blocked, id=24868, stack(0x0000000029530000,0x0000000029630000)]
  0x0000000021e52000 JavaThread "RMI Scheduler(0)" daemon [_thread_blocked, id=20340, stack(0x0000000029130000,0x0000000029230000)]
  0x000000001ced3800 JavaThread "Cache worker for execution history cache (E:\Android_projects\androclient\.gradle\6.1.1\executionHistory)" [_thread_blocked, id=12444, stack(0x0000000028c30000,0x0000000028d30000)]
  0x000000001ced8000 JavaThread "Execution worker for ':' Thread 11" [_thread_blocked, id=9808, stack(0x0000000028730000,0x0000000028830000)]
  0x000000001ced3000 JavaThread "Execution worker for ':' Thread 10" [_thread_blocked, id=18464, stack(0x0000000028630000,0x0000000028730000)]
  0x000000001ced2000 JavaThread "Execution worker for ':' Thread 9" [_thread_blocked, id=14580, stack(0x0000000028530000,0x0000000028630000)]
  0x000000001ced6800 JavaThread "Execution worker for ':' Thread 8" [_thread_blocked, id=11816, stack(0x0000000028430000,0x0000000028530000)]
  0x000000001ced7800 JavaThread "Execution worker for ':' Thread 7" [_thread_blocked, id=15764, stack(0x0000000028330000,0x0000000028430000)]
  0x000000001ced6000 JavaThread "Execution worker for ':' Thread 6" [_thread_blocked, id=5108, stack(0x0000000027fd0000,0x00000000280d0000)]
  0x000000001ced4800 JavaThread "Execution worker for ':' Thread 5" [_thread_blocked, id=15352, stack(0x0000000026e60000,0x0000000026f60000)]
  0x000000001ced5000 JavaThread "Execution worker for ':' Thread 4" [_thread_blocked, id=21016, stack(0x0000000026d60000,0x0000000026e60000)]
  0x000000001ced9000 JavaThread "Execution worker for ':' Thread 3" [_thread_blocked, id=19728, stack(0x00000000269d0000,0x0000000026ad0000)]
  0x000000001d270800 JavaThread "Execution worker for ':' Thread 2" [_thread_blocked, id=20236, stack(0x00000000268d0000,0x00000000269d0000)]
  0x000000001d26f800 JavaThread "Execution worker for ':'" [_thread_blocked, id=16064, stack(0x00000000267d0000,0x00000000268d0000)]
  0x000000001d26f000 JavaThread "Cache worker for file content cache (E:\Android_projects\androclient\.gradle\6.1.1\fileContent)" [_thread_blocked, id=9648, stack(0x00000000264d0000,0x00000000265d0000)]
  0x000000001d26c800 JavaThread "Cache worker for file content cache (C:\Users\Alex\.gradle\caches\6.1.1\fileContent)" [_thread_blocked, id=1604, stack(0x00000000263d0000,0x00000000264d0000)]
  0x000000001d26d800 JavaThread "Memory manager" [_thread_blocked, id=15640, stack(0x00000000262d0000,0x00000000263d0000)]
  0x000000001d26b800 JavaThread "Cache worker for Build Output Cleanup Cache (E:\Android_projects\androclient\.gradle\buildOutputCleanup)" [_thread_blocked, id=27376, stack(0x0000000025310000,0x0000000025410000)]
  0x000000001d26a000 JavaThread "Build operations Thread 12" [_thread_blocked, id=544, stack(0x0000000025010000,0x0000000025110000)]
  0x000000001d266800 JavaThread "Build operations Thread 11" [_thread_blocked, id=22560, stack(0x0000000024f10000,0x0000000025010000)]
  0x000000001d26b000 JavaThread "Build operations Thread 10" [_thread_blocked, id=24648, stack(0x0000000024e10000,0x0000000024f10000)]
  0x000000001d262800 JavaThread "Build operations Thread 9" [_thread_blocked, id=18316, stack(0x0000000024d10000,0x0000000024e10000)]
  0x000000001d269800 JavaThread "Build operations Thread 8" [_thread_blocked, id=5336, stack(0x0000000024c10000,0x0000000024d10000)]
  0x000000001d265800 JavaThread "Build operations Thread 7" [_thread_blocked, id=25660, stack(0x0000000024b10000,0x0000000024c10000)]
  0x000000001d264000 JavaThread "Build operations Thread 6" [_thread_blocked, id=7524, stack(0x0000000024a10000,0x0000000024b10000)]
  0x000000001d268800 JavaThread "Build operations Thread 5" [_thread_blocked, id=25396, stack(0x0000000024910000,0x0000000024a10000)]
  0x000000001d261000 JavaThread "Build operations Thread 4" [_thread_blocked, id=26696, stack(0x0000000024810000,0x0000000024910000)]
  0x000000001d268000 JavaThread "Build operations Thread 3" [_thread_blocked, id=12120, stack(0x0000000024710000,0x0000000024810000)]
  0x000000001d267000 JavaThread "Build operations Thread 2" [_thread_blocked, id=3364, stack(0x00000000243c0000,0x00000000244c0000)]
  0x000000001d263800 JavaThread "Build operations" [_thread_blocked, id=4360, stack(0x00000000240b0000,0x00000000241b0000)]
  0x000000001ca25000 JavaThread "Cache worker for execution history cache (C:\Users\Alex\.gradle\caches\6.1.1\executionHistory)" [_thread_blocked, id=24820, stack(0x0000000022790000,0x0000000022890000)]
  0x000000001ca2a800 JavaThread "Cache worker for cache directory md-rule (C:\Users\Alex\.gradle\caches\6.1.1\md-rule)" [_thread_blocked, id=13552, stack(0x0000000021400000,0x0000000021500000)]
  0x000000001ca24800 JavaThread "Cache worker for cache directory md-supplier (C:\Users\Alex\.gradle\caches\6.1.1\md-supplier)" [_thread_blocked, id=508, stack(0x0000000021060000,0x0000000021160000)]
  0x000000001ca26800 JavaThread "Cache worker for file hash cache (E:\Android_projects\androclient\.gradle\6.1.1\fileHashes)" [_thread_blocked, id=10064, stack(0x0000000021300000,0x0000000021400000)]
  0x000000001ca29000 JavaThread "Cache worker for checksums cache (E:\Android_projects\androclient\.gradle\checksums)" [_thread_blocked, id=6984, stack(0x0000000021200000,0x0000000021300000)]
  0x000000001ca23800 JavaThread "Cache worker for file hash cache (C:\Users\Alex\.gradle\caches\6.1.1\fileHashes)" [_thread_blocked, id=28128, stack(0x000000001ebc0000,0x000000001ecc0000)]
  0x000000001ca29800 JavaThread "File lock request listener" [_thread_in_native, id=9892, stack(0x000000001eac0000,0x000000001ebc0000)]
  0x000000001c929800 JavaThread "Cache worker for journal cache (C:\Users\Alex\.gradle\caches\journal-1)" [_thread_blocked, id=27432, stack(0x000000001e9c0000,0x000000001eac0000)]
  0x000000001c983800 JavaThread "Thread-9" [_thread_blocked, id=18492, stack(0x000000001e6c0000,0x000000001e7c0000)]
  0x000000001c8b6800 JavaThread "Stdin handler" [_thread_blocked, id=11920, stack(0x000000001e5c0000,0x000000001e6c0000)]
  0x000000001c8b6000 JavaThread "Asynchronous log dispatcher for DefaultDaemonConnection: socket connection from /127.0.0.1:56081 to /127.0.0.1:56082" [_thread_blocked, id=15220, stack(0x000000001e4c0000,0x000000001e5c0000)]
  0x000000001c8bb800 JavaThread "Daemon worker" [_thread_blocked, id=18028, stack(0x000000001e3c0000,0x000000001e4c0000)]
  0x000000001c8ba800 JavaThread "Cancel handler" [_thread_blocked, id=8084, stack(0x000000001e1c0000,0x000000001e2c0000)]
  0x000000001c8a5800 JavaThread "Handler for socket connection from /127.0.0.1:56081 to /127.0.0.1:56082" [_thread_in_native, id=9124, stack(0x000000001dec0000,0x000000001dfc0000)]
  0x000000001c82f800 JavaThread "Daemon" [_thread_blocked, id=24228, stack(0x000000001ddc0000,0x000000001dec0000)]
  0x000000001c82c800 JavaThread "Daemon periodic checks" [_thread_blocked, id=2800, stack(0x000000001dcc0000,0x000000001ddc0000)]
  0x000000001c828800 JavaThread "Incoming local TCP Connector on port 56081" [_thread_in_native, id=17844, stack(0x000000001da80000,0x000000001db80000)]
  0x000000001c7a4800 JavaThread "Daemon health stats" [_thread_blocked, id=24276, stack(0x000000001d440000,0x000000001d540000)]
  0x00000000190e9800 JavaThread "Service Thread" daemon [_thread_blocked, id=11700, stack(0x000000001aaa0000,0x000000001aba0000)]
  0x0000000019063800 JavaThread "C1 CompilerThread3" daemon [_thread_blocked, id=14648, stack(0x000000001a9a0000,0x000000001aaa0000)]
  0x0000000019062800 JavaThread "C2 CompilerThread2" daemon [_thread_blocked, id=28816, stack(0x000000001a8a0000,0x000000001a9a0000)]
=>0x0000000019060000 JavaThread "C2 CompilerThread1" daemon [_thread_in_native, id=17088, stack(0x000000001a7a0000,0x000000001a8a0000)]
  0x0000000019058000 JavaThread "C2 CompilerThread0" daemon [_thread_in_native, id=8388, stack(0x000000001a6a0000,0x000000001a7a0000)]
  0x0000000019055000 JavaThread "Attach Listener" daemon [_thread_blocked, id=14320, stack(0x000000001a5a0000,0x000000001a6a0000)]
  0x0000000019053000 JavaThread "Signal Dispatcher" daemon [_thread_blocked, id=10028, stack(0x000000001a4a0000,0x000000001a5a0000)]
  0x0000000017961800 JavaThread "Finalizer" daemon [_thread_blocked, id=3456, stack(0x000000001a2a0000,0x000000001a3a0000)]
  0x0000000019043000 JavaThread "Reference Handler" daemon [_thread_blocked, id=5372, stack(0x000000001a1a0000,0x000000001a2a0000)]
  0x00000000025ee800 JavaThread "main" [_thread_blocked, id=28252, stack(0x00000000023f0000,0x00000000024f0000)]

Other Threads:
  0x0000000017954800 VMThread [stack: 0x000000001a0a0000,0x000000001a1a0000] [id=14664]
  0x00000000190ec000 WatcherThread [stack: 0x000000001aba0000,0x000000001aca0000] [id=15404]

VM state:not at safepoint (normal execution)

VM Mutex/Monitor currently owned by a thread: None

heap address: 0x0000000080000000, size: 2048 MB, Compressed Oops mode: 32-bit
Narrow klass base: 0x0000000000000000, Narrow klass shift: 3
Compressed class space size: 1073741824 Address: 0x0000000100000000

Heap:
 PSYoungGen      total 261632K, used 83807K [0x00000000d5580000, 0x00000000e7900000, 0x0000000100000000)
  eden space 241152K, 26% used [0x00000000d5580000,0x00000000d935ea88,0x00000000e4100000)
  from space 20480K, 99% used [0x00000000e5c80000,0x00000000e70791a8,0x00000000e7080000)
  to   space 28160K, 0% used [0x00000000e4100000,0x00000000e4100000,0x00000000e5c80000)
 ParOldGen       total 204800K, used 43842K [0x0000000080000000, 0x000000008c800000, 0x00000000d5580000)
  object space 204800K, 21% used [0x0000000080000000,0x0000000082ad0948,0x000000008c800000)
 Metaspace       used 77731K, capacity 82464K, committed 82584K, reserved 1120256K
  class space    used 10760K, capacity 11604K, committed 11696K, reserved 1048576K

Card table byte_map: [0x0000000011ab0000,0x0000000011ec0000] byte_map_base: 0x00000000116b0000

Marking Bits: (ParMarkBitMap*) 0x0000000075bbf030
 Begin Bits: [0x0000000012b70000, 0x0000000014b70000)
 End Bits:   [0x0000000014b70000, 0x0000000016b70000)

Polling page: 0x00000000023b0000

CodeCache: size=245760Kb used=25467Kb max_used=25479Kb free=220292Kb
 bounds [0x00000000026f0000, 0x0000000003ff0000, 0x00000000116f0000]
 total_blobs=9098 nmethods=8239 adapters=771
 compilation: enabled

Compilation events (10 events):
Event: 15.050 Thread 0x0000000019063800 nmethod 9321 0x0000000003fe1850 code [0x0000000003fe1cc0, 0x0000000003fe4688]
Event: 15.050 Thread 0x0000000019063800 9319       3       com.android.builder.dexing.ClassBucketGroupKt$isClassFile$1::invoke (12 bytes)
Event: 15.051 Thread 0x0000000019063800 nmethod 9319 0x0000000003fdf850 code [0x0000000003fdfa00, 0x0000000003fdff58]
Event: 15.051 Thread 0x0000000019063800 9322       3       com.android.builder.dexing.ClassBucket::access$isMemberOfBucket (7 bytes)
Event: 15.051 Thread 0x0000000019063800 nmethod 9322 0x0000000003fdf490 code [0x0000000003fdf600, 0x0000000003fdf768]
Event: 15.051 Thread 0x0000000019063800 9273       3       java.util.concurrent.ThreadPoolExecutor::runStateOf (5 bytes)
Event: 15.051 Thread 0x0000000019063800 nmethod 9273 0x0000000003fdf190 code [0x0000000003fdf2e0, 0x0000000003fdf410]
Event: 15.058 Thread 0x0000000019062800 nmethod 9299 0x0000000003fde350 code [0x0000000003fde4e0, 0x0000000003fdeb48]
Event: 15.058 Thread 0x0000000019062800 9327       4       java.io.File::equals (30 bytes)
Event: 15.067 Thread 0x0000000019062800 nmethod 9327 0x0000000003fe61d0 code [0x0000000003fe6340, 0x0000000003fe6b78]

GC Heap History (10 events):
Event: 6.194 GC heap before
{Heap before GC invocations=11 (full 2):
 PSYoungGen      total 168960K, used 168942K [0x00000000d5580000, 0x00000000e1a80000, 0x0000000100000000)
  eden space 156672K, 100% used [0x00000000d5580000,0x00000000dee80000,0x00000000dee80000)
  from space 12288K, 99% used [0x00000000e0e80000,0x00000000e1a7ba00,0x00000000e1a80000)
  to   space 13312K, 0% used [0x00000000e0080000,0x00000000e0080000,0x00000000e0d80000)
 ParOldGen       total 143872K, used 16104K [0x0000000080000000, 0x0000000088c80000, 0x00000000d5580000)
  object space 143872K, 11% used [0x0000000080000000,0x0000000080fba0f0,0x0000000088c80000)
 Metaspace       used 56472K, capacity 58498K, committed 58544K, reserved 1099776K
  class space    used 7645K, capacity 8105K, committed 8112K, reserved 1048576K
Event: 6.214 GC heap after
Heap after GC invocations=11 (full 2):
 PSYoungGen      total 188416K, used 13308K [0x00000000d5580000, 0x00000000e3d80000, 0x0000000100000000)
  eden space 175104K, 0% used [0x00000000d5580000,0x00000000d5580000,0x00000000e0080000)
  from space 13312K, 99% used [0x00000000e0080000,0x00000000e0d7f320,0x00000000e0d80000)
  to   space 19456K, 0% used [0x00000000e2a80000,0x00000000e2a80000,0x00000000e3d80000)
 ParOldGen       total 143872K, used 28422K [0x0000000080000000, 0x0000000088c80000, 0x00000000d5580000)
  object space 143872K, 19% used [0x0000000080000000,0x0000000081bc1b80,0x0000000088c80000)
 Metaspace       used 56472K, capacity 58498K, committed 58544K, reserved 1099776K
  class space    used 7645K, capacity 8105K, committed 8112K, reserved 1048576K
}
Event: 6.313 GC heap before
{Heap before GC invocations=12 (full 2):
 PSYoungGen      total 188416K, used 26352K [0x00000000d5580000, 0x00000000e3d80000, 0x0000000100000000)
  eden space 175104K, 7% used [0x00000000d5580000,0x00000000d623cfe8,0x00000000e0080000)
  from space 13312K, 99% used [0x00000000e0080000,0x00000000e0d7f320,0x00000000e0d80000)
  to   space 19456K, 0% used [0x00000000e2a80000,0x00000000e2a80000,0x00000000e3d80000)
 ParOldGen       total 143872K, used 28422K [0x0000000080000000, 0x0000000088c80000, 0x00000000d5580000)
  object space 143872K, 19% used [0x0000000080000000,0x0000000081bc1b80,0x0000000088c80000)
 Metaspace       used 57033K, capacity 59094K, committed 59160K, reserved 1099776K
  class space    used 7726K, capacity 8183K, committed 8240K, reserved 1048576K
Event: 6.322 GC heap after
Heap after GC invocations=12 (full 2):
 PSYoungGen      total 218624K, used 9060K [0x00000000d5580000, 0x00000000e6480000, 0x0000000100000000)
  eden space 199168K, 0% used [0x00000000d5580000,0x00000000d5580000,0x00000000e1800000)
  from space 19456K, 46% used [0x00000000e2a80000,0x00000000e33592e0,0x00000000e3d80000)
  to   space 18944K, 0% used [0x00000000e1800000,0x00000000e1800000,0x00000000e2a80000)
 ParOldGen       total 143872K, used 33694K [0x0000000080000000, 0x0000000088c80000, 0x00000000d5580000)
  object space 143872K, 23% used [0x0000000080000000,0x00000000820e7ad0,0x0000000088c80000)
 Metaspace       used 57033K, capacity 59094K, committed 59160K, reserved 1099776K
  class space    used 7726K, capacity 8183K, committed 8240K, reserved 1048576K
}
Event: 6.322 GC heap before
{Heap before GC invocations=13 (full 3):
 PSYoungGen      total 218624K, used 9060K [0x00000000d5580000, 0x00000000e6480000, 0x0000000100000000)
  eden space 199168K, 0% used [0x00000000d5580000,0x00000000d5580000,0x00000000e1800000)
  from space 19456K, 46% used [0x00000000e2a80000,0x00000000e33592e0,0x00000000e3d80000)
  to   space 18944K, 0% used [0x00000000e1800000,0x00000000e1800000,0x00000000e2a80000)
 ParOldGen       total 143872K, used 33694K [0x0000000080000000, 0x0000000088c80000, 0x00000000d5580000)
  object space 143872K, 23% used [0x0000000080000000,0x00000000820e7ad0,0x0000000088c80000)
 Metaspace       used 57033K, capacity 59094K, committed 59160K, reserved 1099776K
  class space    used 7726K, capacity 8183K, committed 8240K, reserved 1048576K
Event: 6.518 GC heap after
Heap after GC invocations=13 (full 3):
 PSYoungGen      total 218624K, used 0K [0x00000000d5580000, 0x00000000e6480000, 0x0000000100000000)
  eden space 199168K, 0% used [0x00000000d5580000,0x00000000d5580000,0x00000000e1800000)
  from space 19456K, 0% used [0x00000000e2a80000,0x00000000e2a80000,0x00000000e3d80000)
  to   space 18944K, 0% used [0x00000000e1800000,0x00000000e1800000,0x00000000e2a80000)
 ParOldGen       total 204800K, used 30242K [0x0000000080000000, 0x000000008c800000, 0x00000000d5580000)
  object space 204800K, 14% used [0x0000000080000000,0x0000000081d88968,0x000000008c800000)
 Metaspace       used 56992K, capacity 58956K, committed 59160K, reserved 1099776K
  class space    used 7714K, capacity 8160K, committed 8240K, reserved 1048576K
}
Event: 7.903 GC heap before
{Heap before GC invocations=14 (full 3):
 PSYoungGen      total 218624K, used 199168K [0x00000000d5580000, 0x00000000e6480000, 0x0000000100000000)
  eden space 199168K, 100% used [0x00000000d5580000,0x00000000e1800000,0x00000000e1800000)
  from space 19456K, 0% used [0x00000000e2a80000,0x00000000e2a80000,0x00000000e3d80000)
  to   space 18944K, 0% used [0x00000000e1800000,0x00000000e1800000,0x00000000e2a80000)
 ParOldGen       total 204800K, used 30242K [0x0000000080000000, 0x000000008c800000, 0x00000000d5580000)
  object space 204800K, 14% used [0x0000000080000000,0x0000000081d88968,0x000000008c800000)
 Metaspace       used 64152K, capacity 68046K, committed 68248K, reserved 1107968K
  class space    used 8906K, capacity 9637K, committed 9648K, reserved 1048576K
Event: 7.915 GC heap after
Heap after GC invocations=14 (full 3):
 PSYoungGen      total 218112K, used 17320K [0x00000000d5580000, 0x00000000e7080000, 0x0000000100000000)
  eden space 199168K, 0% used [0x00000000d5580000,0x00000000d5580000,0x00000000e1800000)
  from space 18944K, 91% used [0x00000000e1800000,0x00000000e28ea150,0x00000000e2a80000)
  to   space 20480K, 0% used [0x00000000e5c80000,0x00000000e5c80000,0x00000000e7080000)
 ParOldGen       total 204800K, used 30250K [0x0000000080000000, 0x000000008c800000, 0x00000000d5580000)
  object space 204800K, 14% used [0x0000000080000000,0x0000000081d8a968,0x000000008c800000)
 Metaspace       used 64152K, capacity 68046K, committed 68248K, reserved 1107968K
  class space    used 8906K, capacity 9637K, committed 9648K, reserved 1048576K
}
Event: 14.707 GC heap before
{Heap before GC invocations=15 (full 3):
 PSYoungGen      total 218112K, used 216488K [0x00000000d5580000, 0x00000000e7080000, 0x0000000100000000)
  eden space 199168K, 100% used [0x00000000d5580000,0x00000000e1800000,0x00000000e1800000)
  from space 18944K, 91% used [0x00000000e1800000,0x00000000e28ea150,0x00000000e2a80000)
  to   space 20480K, 0% used [0x00000000e5c80000,0x00000000e5c80000,0x00000000e7080000)
 ParOldGen       total 204800K, used 30250K [0x0000000080000000, 0x000000008c800000, 0x00000000d5580000)
  object space 204800K, 14% used [0x0000000080000000,0x0000000081d8a968,0x000000008c800000)
 Metaspace       used 75926K, capacity 80254K, committed 80408K, reserved 1118208K
  class space    used 10505K, capacity 11269K, committed 11312K, reserved 1048576K
Event: 14.734 GC heap after
Heap after GC invocations=15 (full 3):
 PSYoungGen      total 261632K, used 20452K [0x00000000d5580000, 0x00000000e7900000, 0x0000000100000000)
  eden space 241152K, 0% used [0x00000000d5580000,0x00000000d5580000,0x00000000e4100000)
  from space 20480K, 99% used [0x00000000e5c80000,0x00000000e70791a8,0x00000000e7080000)
  to   space 28160K, 0% used [0x00000000e4100000,0x00000000e4100000,0x00000000e5c80000)
 ParOldGen       total 204800K, used 43842K [0x0000000080000000, 0x000000008c800000, 0x00000000d5580000)
  object space 204800K, 21% used [0x0000000080000000,0x0000000082ad0948,0x000000008c800000)
 Metaspace       used 75926K, capacity 80254K, committed 80408K, reserved 1118208K
  class space    used 10505K, capacity 11269K, committed 11312K, reserved 1048576K
}

Deoptimization events (10 events):
Event: 14.767 Thread 0x000000001ced9000 Uncommon trap: reason=null_check action=make_not_entrant pc=0x0000000002dbc240 method=org.gradle.tooling.internal.provider.runner.SubtreeFilteringBuildOperationListener.started(Lorg/gradle/internal/operations/BuildOperationDescriptor;Lorg/gradle/internal/
Event: 14.767 Thread 0x000000001ced2000 Uncommon trap: reason=null_check action=make_not_entrant pc=0x0000000002dbc240 method=org.gradle.tooling.internal.provider.runner.SubtreeFilteringBuildOperationListener.started(Lorg/gradle/internal/operations/BuildOperationDescriptor;Lorg/gradle/internal/
Event: 14.935 Thread 0x0000000021e58000 Uncommon trap: reason=unstable_if action=reinterpret pc=0x0000000003f36760 method=org.objectweb.asm.ClassReader.readUtf(II[C)Ljava/lang/String; @ 41
Event: 14.995 Thread 0x000000001ced9000 Uncommon trap: reason=unstable_if action=reinterpret pc=0x0000000002d2da74 method=org.gradle.internal.instantiation.generator.Jsr330ConstructorSelector.vetoParameters(Lorg/gradle/internal/instantiation/generator/ClassGenerator$GeneratedConstructor;[Ljava/
Event: 15.006 Thread 0x000000001ced9000 Uncommon trap: reason=array_check action=maybe_recompile pc=0x0000000003e7ff38 method=java.util.ComparableTimSort.binarySort([Ljava/lang/Object;III)V @ 183
Event: 15.006 Thread 0x000000001ced9000 Uncommon trap: reason=array_check action=maybe_recompile pc=0x0000000003e7fe8c method=java.util.ComparableTimSort.binarySort([Ljava/lang/Object;III)V @ 193
Event: 15.010 Thread 0x000000001ced9000 Uncommon trap: reason=array_check action=maybe_recompile pc=0x0000000003e7ff38 method=java.util.ComparableTimSort.binarySort([Ljava/lang/Object;III)V @ 183
Event: 15.013 Thread 0x000000001ced9000 Uncommon trap: reason=unstable_if action=reinterpret pc=0x0000000002d360a8 method=org.gradle.internal.instantiation.generator.Jsr330ConstructorSelector.vetoParameters(Lorg/gradle/internal/instantiation/generator/ClassGenerator$GeneratedConstructor;[Ljava/
Event: 15.014 Thread 0x000000001ced9000 Uncommon trap: reason=unstable_if action=reinterpret pc=0x00000000039c6b24 method=org.gradle.internal.instantiation.generator.Jsr330ConstructorSelector.vetoParameters(Lorg/gradle/internal/instantiation/generator/ClassGenerator$GeneratedConstructor;[Ljava/
Event: 15.037 Thread 0x0000000021e5c800 Uncommon trap: reason=unstable_if action=reinterpret pc=0x0000000003542cd4 method=java.util.regex.Pattern.newSlice([IIZ)Ljava/util/regex/Pattern$Node; @ 10

Classes redefined (0 events):
No events

Internal exceptions (10 events):
Event: 13.907 Thread 0x000000001c8bb800 Exception <a 'sun/nio/fs/WindowsException'> (0x00000000ddcce068) thrown at [C:\src\AOSP-openjdk-git\hotspot\src\share\vm\prims\jni.cpp, line 710]
Event: 14.697 Thread 0x000000001c983800 Exception <a 'java/lang/NoSuchMethodError': <clinit>> (0x00000000d56398f8) thrown at [C:\src\AOSP-openjdk-git\hotspot\src\share\vm\prims\jni.cpp, line 1615]
Event: 14.767 Thread 0x000000001ced6000 Implicit null exception at 0x0000000002dbb9e2 to 0x0000000002dbc219
Event: 14.767 Thread 0x000000001ced9000 Implicit null exception at 0x0000000002dbb9e2 to 0x0000000002dbc219
Event: 14.767 Thread 0x000000001d270800 Implicit null exception at 0x0000000002dbb9e2 to 0x0000000002dbc219
Event: 14.767 Thread 0x000000001ced2000 Implicit null exception at 0x0000000002dbb9e2 to 0x0000000002dbc219
Event: 14.913 Thread 0x0000000021e57800 Exception <a 'sun/nio/fs/WindowsException'> (0x00000000d7befbd8) thrown at [C:\src\AOSP-openjdk-git\hotspot\src\share\vm\prims\jni.cpp, line 710]
Event: 14.913 Thread 0x0000000021e58000 Exception <a 'sun/nio/fs/WindowsException'> (0x00000000d7c27b80) thrown at [C:\src\AOSP-openjdk-git\hotspot\src\share\vm\prims\jni.cpp, line 710]
Event: 14.916 Thread 0x0000000021e50000 Exception <a 'java/lang/NoSuchMethodError': java.lang.Object.lambda$static$0(Ljava/lang/String;)Z> (0x00000000d7bd6f90) thrown at [C:\src\AOSP-openjdk-git\hotspot\src\share\vm\interpreter\linkResolver.cpp, line 620]
Event: 15.008 Thread 0x000000001ced9000 Exception <a 'java/lang/NoSuchMethodError': <clinit>> (0x00000000d89fb8a8) thrown at [C:\src\AOSP-openjdk-git\hotspot\src\share\vm\prims\jni.cpp, line 1615]

Events (10 events):
Event: 15.065 loading class com/android/tools/r8/utils/e
Event: 15.065 loading class com/android/tools/r8/utils/e done
Event: 15.066 loading class com/android/tools/r8/ResourceException
Event: 15.066 loading class com/android/tools/r8/ResourceException done
Event: 15.066 loading class com/android/tools/r8/DataResourceProvider$Visitor
Event: 15.066 loading class com/android/tools/r8/DataResourceProvider$Visitor done
Event: 15.067 loading class com/android/tools/r8/v/a/a/a/h/N
Event: 15.067 loading class com/android/tools/r8/v/a/a/a/h/N done
Event: 15.067 loading class com/android/tools/r8/v/a/a/a/h/I
Event: 15.067 loading class com/android/tools/r8/v/a/a/a/h/I done


Dynamic libraries:
0x00007ff610aa0000 - 0x00007ff610ad1000 	E:\AndroidStudio\jre\bin\java.exe
0x00007ff8f8200000 - 0x00007ff8f83f0000 	C:\Windows\SYSTEM32\ntdll.dll
0x00007ff8f7160000 - 0x00007ff8f7212000 	C:\Windows\System32\KERNEL32.DLL
0x00007ff8f5320000 - 0x00007ff8f55c4000 	C:\Windows\System32\KERNELBASE.dll
0x00007ff8f74f0000 - 0x00007ff8f7593000 	C:\Windows\System32\ADVAPI32.dll
0x00007ff8f7e60000 - 0x00007ff8f7efe000 	C:\Windows\System32\msvcrt.dll
0x00007ff8f7d10000 - 0x00007ff8f7da7000 	C:\Windows\System32\sechost.dll
0x00007ff8f7220000 - 0x00007ff8f7340000 	C:\Windows\System32\RPCRT4.dll
0x00007ff8f6fc0000 - 0x00007ff8f7155000 	C:\Windows\System32\USER32.dll
0x00007ff8f5180000 - 0x00007ff8f51a1000 	C:\Windows\System32\win32u.dll
0x00007ff8f75a0000 - 0x00007ff8f75c6000 	C:\Windows\System32\GDI32.dll
0x00007ff8f5850000 - 0x00007ff8f59e6000 	C:\Windows\System32\gdi32full.dll
0x00007ff8f5280000 - 0x00007ff8f531e000 	C:\Windows\System32\msvcp_win.dll
0x00007ff8f5750000 - 0x00007ff8f584a000 	C:\Windows\System32\ucrtbase.dll
0x00007ff8d9090000 - 0x00007ff8d9314000 	C:\Windows\WinSxS\amd64_microsoft.windows.common-controls_6595b64144ccf1df_6.0.18362.1016_none_9e7a36bbe461dae4\COMCTL32.dll
0x00007ff8f6510000 - 0x00007ff8f6845000 	C:\Windows\System32\combase.dll
0x00007ff8f59f0000 - 0x00007ff8f5a70000 	C:\Windows\System32\bcryptPrimitives.dll
0x00007ff8f62d0000 - 0x00007ff8f62fe000 	C:\Windows\System32\IMM32.DLL
0x00000000748a0000 - 0x0000000074972000 	E:\AndroidStudio\jre\jre\bin\msvcr100.dll
0x00000000753f0000 - 0x0000000075c3b000 	E:\AndroidStudio\jre\jre\bin\server\jvm.dll
0x00007ff8f75d0000 - 0x00007ff8f75d8000 	C:\Windows\System32\PSAPI.DLL
0x00007ff8ed0b0000 - 0x00007ff8ed0b9000 	C:\Windows\SYSTEM32\WSOCK32.dll
0x00007ff8eeed0000 - 0x00007ff8eeeda000 	C:\Windows\SYSTEM32\VERSION.dll
0x00007ff8f2a70000 - 0x00007ff8f2a94000 	C:\Windows\SYSTEM32\WINMM.dll
0x00007ff8f7480000 - 0x00007ff8f74ef000 	C:\Windows\System32\WS2_32.dll
0x00007ff8f2a40000 - 0x00007ff8f2a6d000 	C:\Windows\SYSTEM32\WINMMBASE.dll
0x00007ff8f5230000 - 0x00007ff8f527a000 	C:\Windows\System32\cfgmgr32.dll
0x00007ff8eb5b0000 - 0x00007ff8eb5bf000 	E:\AndroidStudio\jre\jre\bin\verify.dll
0x00007ff8e6c10000 - 0x00007ff8e6c39000 	E:\AndroidStudio\jre\jre\bin\java.dll
0x00007ff8e6e30000 - 0x00007ff8e6e46000 	E:\AndroidStudio\jre\jre\bin\zip.dll
0x00007ff8f6850000 - 0x00007ff8f6f37000 	C:\Windows\System32\SHELL32.dll
0x00007ff8f7db0000 - 0x00007ff8f7e59000 	C:\Windows\System32\shcore.dll
0x00007ff8f5b20000 - 0x00007ff8f62a2000 	C:\Windows\System32\windows.storage.dll
0x00007ff8f5150000 - 0x00007ff8f5173000 	C:\Windows\System32\profapi.dll
0x00007ff8f50e0000 - 0x00007ff8f512a000 	C:\Windows\System32\powrprof.dll
0x00007ff8f50b0000 - 0x00007ff8f50c0000 	C:\Windows\System32\UMPDC.dll
0x00007ff8f64b0000 - 0x00007ff8f6502000 	C:\Windows\System32\shlwapi.dll
0x00007ff8f5130000 - 0x00007ff8f5141000 	C:\Windows\System32\kernel.appcore.dll
0x00007ff8f5210000 - 0x00007ff8f5227000 	C:\Windows\System32\cryptsp.dll
0x00007ff8e55b0000 - 0x00007ff8e55ca000 	E:\AndroidStudio\jre\jre\bin\net.dll
0x00007ff8f4910000 - 0x00007ff8f4977000 	C:\Windows\system32\mswsock.dll
0x00007ff8e5590000 - 0x00007ff8e55a3000 	E:\AndroidStudio\jre\jre\bin\nio.dll
0x00007ff8dcf80000 - 0x00007ff8dcfa6000 	C:\Users\Alex\.gradle\native\31\windows-amd64\native-platform.dll
0x00007ff8eb210000 - 0x00007ff8eb21d000 	E:\AndroidStudio\jre\jre\bin\management.dll
0x00007ff8f4480000 - 0x00007ff8f44b3000 	C:\Windows\system32\rsaenh.dll
0x00007ff8f55d0000 - 0x00007ff8f55f6000 	C:\Windows\System32\bcrypt.dll
0x00007ff8f4fd0000 - 0x00007ff8f4ff5000 	C:\Windows\SYSTEM32\USERENV.dll
0x00007ff8f4ae0000 - 0x00007ff8f4aec000 	C:\Windows\SYSTEM32\CRYPTBASE.dll
0x00007ff8f4620000 - 0x00007ff8f465a000 	C:\Windows\SYSTEM32\IPHLPAPI.DLL
0x00007ff8f81b0000 - 0x00007ff8f81b8000 	C:\Windows\System32\NSI.dll
0x00007ff8ee7d0000 - 0x00007ff8ee7e6000 	C:\Windows\SYSTEM32\dhcpcsvc6.DLL
0x00007ff8ed900000 - 0x00007ff8ed91c000 	C:\Windows\SYSTEM32\dhcpcsvc.DLL
0x00007ff8f4660000 - 0x00007ff8f472b000 	C:\Windows\SYSTEM32\DNSAPI.dll

VM Arguments:
jvm_args: -Xmx2048m -Dfile.encoding=windows-1252 -Duser.country=US -Duser.language=en -Duser.variant 
java_command: org.gradle.launcher.daemon.bootstrap.GradleDaemon 6.1.1
java_class_path (initial): C:\Users\Alex\.gradle\wrapper\dists\gradle-6.1.1-all\cfmwm155h49vnt3hynmlrsdst\gradle-6.1.1\lib\gradle-launcher-6.1.1.jar
Launcher Type: SUN_STANDARD

Environment Variables:
PATH=C:\ProgramData\Oracle\Java\javapath;C:\Windows\system32;C:\Windows;C:\Windows\System32\Wbem;C:\Windows\System32\WindowsPowerShell\v1.0\;C:\Windows\System32\OpenSSH\;C:\Program Files (x86)\NVIDIA Corporation\PhysX\Common;C:\Program Files\dotnet\;C:\Program Files\Git\cmd;C:\Program Files\NVIDIA Corporation\NVIDIA NvDLISR;C:\Program Files\PuTTY\;C:\Program Files\OpenSSL-Win64\bin;C:\Program Files\nodejs\;E:\Program Files\PowerShell\7\;C:\Program Files\CMake\bin;C:\Users\Alex\AppData\Local\Microsoft\WindowsApps;C:\Program Files\JetBrains\IntelliJ IDEA Community Edition 2019.2.2\bin;C:\Program Files\JetBrains\PyCharm Community Edition 2019.2.1\bin;C:\Program Files\JetBrains\PyCharm 2019.2.2\bin;C:\Program Files\JetBrains\IntelliJ IDEA 2019.2.2\bin;C:\Program Files\JetBrains\CLion 2019.2.4\bin;C:\Users\Alex\AppData\Local\Programs\Microsoft VS Code\bin;C:\Program Files (x86)\Graphviz2.38\bin;E:\IntelliJ IDEA 2020.1.3\bin;C:\Users\Alex\AppData\Roaming\npm;C:\Users\Alex\.dotnet\tools;C:\Users\Alex\AppData\Local\atom\bin
USERNAME=Alex
OS=Windows_NT
PROCESSOR_IDENTIFIER=Intel64 Family 6 Model 158 Stepping 10, GenuineIntel



---------------  S Y S T E M  ---------------

OS: Windows 10.0 , 64 bit Build 18362 (10.0.18362.959)

CPU:total 12 (initial active 12) (6 cores per cpu, 2 threads per core) family 6 model 158 stepping 10, cmov, cx8, fxsr, mmx, sse, sse2, sse3, ssse3, sse4.1, sse4.2, popcnt, avx, avx2, aes, clmul, erms, 3dnowpref, lzcnt, ht, tsc, tscinvbit, bmi1, bmi2, adx

Memory: 4k page, physical 16617708k(3261624k free), swap 25006316k(4112k free)

vm_info: OpenJDK 64-Bit Server VM (25.242-b01) for windows-amd64 JRE (1.8.0_242-release-1644-b01), built by "builder" with MS VC++ 10.0 (VS2010)

time: Wed Aug 26 01:07:41 2020
timezone: FLE Daylight Time
elapsed time: 15 seconds (0d 0h 0m 15s)

