#
# There is insufficient memory for the Java Runtime Environment to continue.
# Native memory allocation (malloc) failed to allocate 1071536 bytes for Chunk::new
# Possible reasons:
#   The system is out of physical RAM or swap space
#   The process is running with CompressedOops enabled, and the Java Heap may be blocking the growth of the native heap
# Possible solutions:
#   Reduce memory load on the system
#   Increase physical memory or swap space
#   Check if swap backing store is full
#   Decrease Java heap size (-Xmx/-Xms)
#   Decrease number of Java threads
#   Decrease Java thread stack sizes (-Xss)
#   Set larger code cache with -XX:ReservedCodeCacheSize=
#   JVM is running with Unscaled Compressed Oops mode in which the Java heap is
#     placed in the first 4GB address space. The Java Heap base address is the
#     maximum limit for the native heap growth. Please use -XX:HeapBaseMinAddress
#     to set the Java Heap base and to place the Java Heap above 4GB virtual address.
# This output file may be truncated or incomplete.
#
#  Out of Memory Error (allocation.cpp:389), pid=24316, tid=0x0000000000003b14
#
# JRE version: OpenJDK Runtime Environment (8.0_242-b01) (build 1.8.0_242-release-1644-b01)
# Java VM: OpenJDK 64-Bit Server VM (25.242-b01 mixed mode windows-amd64 compressed oops)
# Failed to write core dump. Minidumps are not enabled by default on client versions of Windows
#

---------------  T H R E A D  ---------------

Current thread (0x0000000019484000):  JavaThread "C2 CompilerThread2" daemon [_thread_in_native, id=15124, stack(0x000000001acd0000,0x000000001add0000)]

Stack: [0x000000001acd0000,0x000000001add0000]
[error occurred during error reporting (printing stack bounds), id 0xc0000005]

Native frames: (J=compiled Java code, j=interpreted, Vv=VM code, C=native code)


Current CompileTask:
C2:  20127 10276       4       org.gradle.api.internal.attributes.DefaultAttributesSchema$MergedSchema::matchValue (138 bytes)


---------------  P R O C E S S  ---------------

Java Threads: ( => current thread )
  0x000000001fdd9000 JavaThread "Cache worker for execution history cache (E:\Android_projects\androclient\.gradle\6.1.1\executionHistory)" [_thread_blocked, id=1012, stack(0x000000002a0d0000,0x000000002a1d0000)]
  0x000000001fdda000 JavaThread "Execution worker for ':' Thread 11" [_thread_blocked, id=17200, stack(0x0000000029eb0000,0x0000000029fb0000)]
  0x000000001fdd6000 JavaThread "Execution worker for ':' Thread 10" [_thread_blocked, id=10412, stack(0x0000000029db0000,0x0000000029eb0000)]
  0x000000001fdd5800 JavaThread "Execution worker for ':' Thread 9" [_thread_blocked, id=20164, stack(0x0000000029cb0000,0x0000000029db0000)]
  0x000000001fdd8800 JavaThread "Execution worker for ':' Thread 8" [_thread_blocked, id=16892, stack(0x0000000029bb0000,0x0000000029cb0000)]
  0x000000001fdd7800 JavaThread "Execution worker for ':' Thread 7" [_thread_blocked, id=3648, stack(0x0000000029ab0000,0x0000000029bb0000)]
  0x000000001fdd2800 JavaThread "Execution worker for ':' Thread 6" [_thread_blocked, id=19652, stack(0x00000000299b0000,0x0000000029ab0000)]
  0x000000001fdd4000 JavaThread "Execution worker for ':' Thread 5" [_thread_blocked, id=2508, stack(0x00000000298b0000,0x00000000299b0000)]
  0x000000001fdd1800 JavaThread "Execution worker for ':' Thread 4" [_thread_blocked, id=24960, stack(0x00000000297b0000,0x00000000298b0000)]
  0x0000000020e6d800 JavaThread "Execution worker for ':' Thread 3" [_thread_blocked, id=19084, stack(0x00000000296b0000,0x00000000297b0000)]
  0x0000000020e6d000 JavaThread "Execution worker for ':' Thread 2" [_thread_blocked, id=19836, stack(0x00000000295b0000,0x00000000296b0000)]
  0x0000000020e6a800 JavaThread "Execution worker for ':'" [_thread_blocked, id=14956, stack(0x00000000294b0000,0x00000000295b0000)]
  0x0000000020e70000 JavaThread "Cache worker for file content cache (E:\Android_projects\androclient\.gradle\6.1.1\fileContent)" [_thread_blocked, id=8788, stack(0x00000000293b0000,0x00000000294b0000)]
  0x0000000020e6b800 JavaThread "Cache worker for file content cache (C:\Users\Alex\.gradle\caches\6.1.1\fileContent)" [_thread_blocked, id=18428, stack(0x0000000028de0000,0x0000000028ee0000)]
  0x0000000020e6c000 JavaThread "Memory manager" [_thread_blocked, id=19108, stack(0x0000000027a50000,0x0000000027b50000)]
  0x0000000020e69000 JavaThread "Cache worker for Build Output Cleanup Cache (E:\Android_projects\androclient\.gradle\buildOutputCleanup)" [_thread_blocked, id=24644, stack(0x0000000026f00000,0x0000000027000000)]
  0x0000000020e6a000 JavaThread "Build operations Thread 12" [_thread_blocked, id=13908, stack(0x0000000026e00000,0x0000000026f00000)]
  0x0000000020e6e800 JavaThread "Build operations Thread 11" [_thread_blocked, id=8444, stack(0x0000000026500000,0x0000000026600000)]
  0x0000000020e6f000 JavaThread "Build operations Thread 10" [_thread_blocked, id=28936, stack(0x0000000026400000,0x0000000026500000)]
  0x000000001cf11000 JavaThread "Build operations Thread 9" [_thread_blocked, id=12812, stack(0x0000000026300000,0x0000000026400000)]
  0x000000001cf0a000 JavaThread "Build operations Thread 8" [_thread_blocked, id=20868, stack(0x0000000026200000,0x0000000026300000)]
  0x000000001cf10000 JavaThread "Build operations Thread 7" [_thread_blocked, id=6468, stack(0x0000000026100000,0x0000000026200000)]
  0x000000001cf0c800 JavaThread "Build operations Thread 6" [_thread_blocked, id=22188, stack(0x0000000026000000,0x0000000026100000)]
  0x000000001f67f800 JavaThread "Build operations Thread 5" [_thread_blocked, id=19800, stack(0x0000000024e40000,0x0000000024f40000)]
  0x000000001f67f000 JavaThread "Build operations Thread 4" [_thread_blocked, id=19388, stack(0x0000000024aa0000,0x0000000024ba0000)]
  0x000000001f67e000 JavaThread "Build operations Thread 3" [_thread_blocked, id=26292, stack(0x00000000249a0000,0x0000000024aa0000)]
  0x000000001f680800 JavaThread "Build operations Thread 2" [_thread_blocked, id=5024, stack(0x00000000248a0000,0x00000000249a0000)]
  0x000000001f681000 JavaThread "Build operations" [_thread_blocked, id=21168, stack(0x00000000247a0000,0x00000000248a0000)]
  0x000000001f67d800 JavaThread "Cache worker for cache directory md-rule (C:\Users\Alex\.gradle\caches\6.1.1\md-rule)" [_thread_blocked, id=25416, stack(0x00000000246a0000,0x00000000247a0000)]
  0x000000001f67c800 JavaThread "Cache worker for cache directory md-supplier (C:\Users\Alex\.gradle\caches\6.1.1\md-supplier)" [_thread_blocked, id=29272, stack(0x0000000021890000,0x0000000021990000)]
  0x000000001f67c000 JavaThread "Cache worker for file hash cache (E:\Android_projects\androclient\.gradle\6.1.1\fileHashes)" [_thread_in_Java, id=22800, stack(0x0000000021790000,0x0000000021890000)]
  0x000000001f682800 JavaThread "Cache worker for checksums cache (E:\Android_projects\androclient\.gradle\checksums)" [_thread_blocked, id=14020, stack(0x0000000021690000,0x0000000021790000)]
  0x000000001f67b000 JavaThread "Thread-34" [_thread_blocked, id=11512, stack(0x0000000021590000,0x0000000021690000)]
  0x000000001f682000 JavaThread "Stdin handler" [_thread_blocked, id=25164, stack(0x0000000021490000,0x0000000021590000)]
  0x000000001f677800 JavaThread "Asynchronous log dispatcher for DefaultDaemonConnection: socket connection from /127.0.0.1:56120 to /127.0.0.1:56132" [_thread_blocked, id=25796, stack(0x000000001eaf0000,0x000000001ebf0000)]
  0x000000001f679800 JavaThread "Cancel handler" [_thread_blocked, id=22620, stack(0x000000001e5f0000,0x000000001e6f0000)]
  0x000000001f679000 JavaThread "Handler for socket connection from /127.0.0.1:56120 to /127.0.0.1:56132" [_thread_in_native, id=29056, stack(0x000000001e2f0000,0x000000001e3f0000)]
  0x000000001cf0b000 JavaThread "Cache worker for execution history cache (C:\Users\Alex\.gradle\caches\6.1.1\executionHistory)" [_thread_blocked, id=26032, stack(0x0000000022bd0000,0x0000000022cd0000)]
  0x000000001cf0f800 JavaThread "Cache worker for file hash cache (C:\Users\Alex\.gradle\caches\6.1.1\fileHashes)" [_thread_blocked, id=23796, stack(0x000000001eff0000,0x000000001f0f0000)]
  0x000000001cf0e800 JavaThread "File lock request listener" [_thread_in_native, id=5624, stack(0x000000001eef0000,0x000000001eff0000)]
  0x000000001cf38800 JavaThread "Cache worker for journal cache (C:\Users\Alex\.gradle\caches\journal-1)" [_thread_blocked, id=20448, stack(0x000000001edf0000,0x000000001eef0000)]
  0x000000001ce14800 JavaThread "Daemon worker" [_thread_blocked, id=21456, stack(0x000000001e7f0000,0x000000001e8f0000)]
  0x000000001cccf800 JavaThread "Daemon" [_thread_blocked, id=6348, stack(0x000000001e1f0000,0x000000001e2f0000)]
  0x000000001cdae000 JavaThread "Daemon periodic checks" [_thread_blocked, id=20000, stack(0x000000001e0f0000,0x000000001e1f0000)]
  0x000000001cd87000 JavaThread "Incoming local TCP Connector on port 56120" [_thread_in_native, id=23828, stack(0x000000001deb0000,0x000000001dfb0000)]
  0x000000001cd0d000 JavaThread "Daemon health stats" [_thread_blocked, id=27192, stack(0x000000001d870000,0x000000001d970000)]
  0x0000000019513800 JavaThread "Service Thread" daemon [_thread_blocked, id=26948, stack(0x000000001aed0000,0x000000001afd0000)]
  0x0000000019486800 JavaThread "C1 CompilerThread3" daemon [_thread_blocked, id=25264, stack(0x000000001add0000,0x000000001aed0000)]
=>0x0000000019484000 JavaThread "C2 CompilerThread2" daemon [_thread_in_native, id=15124, stack(0x000000001acd0000,0x000000001add0000)]
  0x0000000019481000 JavaThread "C2 CompilerThread1" daemon [_thread_in_native, id=13024, stack(0x000000001abd0000,0x000000001acd0000)]
  0x0000000019480800 JavaThread "C2 CompilerThread0" daemon [_thread_in_native, id=27580, stack(0x000000001aad0000,0x000000001abd0000)]
  0x000000001947f000 JavaThread "Attach Listener" daemon [_thread_blocked, id=16448, stack(0x000000001a9d0000,0x000000001aad0000)]
  0x000000001947d000 JavaThread "Signal Dispatcher" daemon [_thread_blocked, id=1224, stack(0x000000001a8d0000,0x000000001a9d0000)]
  0x0000000017da6800 JavaThread "Finalizer" daemon [_thread_blocked, id=8340, stack(0x000000001a6d0000,0x000000001a7d0000)]
  0x0000000019463000 JavaThread "Reference Handler" daemon [_thread_blocked, id=20296, stack(0x000000001a5d0000,0x000000001a6d0000)]
  0x000000000292e800 JavaThread "main" [_thread_blocked, id=22616, stack(0x0000000002930000,0x0000000002a30000)]

Other Threads:
  0x0000000019442800 VMThread [stack: 0x000000001a4d0000,0x000000001a5d0000] [id=26928]
  0x000000001949c000 WatcherThread [stack: 0x000000001afd0000,0x000000001b0d0000] [id=22992]

VM state:not at safepoint (normal execution)

VM Mutex/Monitor currently owned by a thread: None

heap address: 0x0000000080000000, size: 2048 MB, Compressed Oops mode: 32-bit
Narrow klass base: 0x0000000000000000, Narrow klass shift: 3
Compressed class space size: 1073741824 Address: 0x0000000100000000

Heap:
 PSYoungGen      total 217600K, used 97587K [0x00000000d5580000, 0x00000000e4500000, 0x0000000100000000)
  eden space 194048K, 38% used [0x00000000d5580000,0x00000000d9dd2ae0,0x00000000e1300000)
  from space 23552K, 99% used [0x00000000e1300000,0x00000000e29fa278,0x00000000e2a00000)
  to   space 19968K, 0% used [0x00000000e2a00000,0x00000000e2a00000,0x00000000e3d80000)
 ParOldGen       total 247808K, used 50407K [0x0000000080000000, 0x000000008f200000, 0x00000000d5580000)
  object space 247808K, 20% used [0x0000000080000000,0x0000000083139e28,0x000000008f200000)
 Metaspace       used 82748K, capacity 87760K, committed 87896K, reserved 1124352K
  class space    used 11144K, capacity 12084K, committed 12160K, reserved 1048576K

Card table byte_map: [0x0000000011ef0000,0x0000000012300000] byte_map_base: 0x0000000011af0000

Marking Bits: (ParMarkBitMap*) 0x0000000075bbf030
 Begin Bits: [0x0000000012fb0000, 0x0000000014fb0000)
 End Bits:   [0x0000000014fb0000, 0x0000000016fb0000)

Polling page: 0x0000000000a20000

CodeCache: size=245760Kb used=29800Kb max_used=29800Kb free=215959Kb
 bounds [0x0000000002b30000, 0x0000000004870000, 0x0000000011b30000]
 total_blobs=10117 nmethods=9273 adapters=757
 compilation: enabled

Compilation events (10 events):
Event: 20.120 Thread 0x0000000019486800 10687       2       org.gradle.api.internal.provider.DefaultProperty::isPresent (14 bytes)
Event: 20.120 Thread 0x0000000019486800 nmethod 10687 0x0000000004845f50 code [0x00000000048460c0, 0x00000000048462f8]
Event: 20.121 Thread 0x0000000019486800 10688       2       org.gradle.api.internal.tasks.properties.bean.AbstractNestedRuntimeBeanNode$BeanPropertyValue::call (33 bytes)
Event: 20.121 Thread 0x0000000019486800 nmethod 10688 0x0000000004845a90 code [0x0000000004845c00, 0x0000000004845e78]
Event: 20.123 Thread 0x0000000019486800 10690       1       org.gradle.internal.fingerprint.impl.AbsolutePathFingerprintingStrategy$1::postVisitDirectory (11 bytes)
Event: 20.124 Thread 0x0000000019486800 nmethod 10690 0x00000000048457d0 code [0x0000000004845920, 0x0000000004845a30]
Event: 20.124 Thread 0x0000000019486800 10691       2       org.gradle.internal.resources.DefaultResourceLockCoordinationService::unlock (9 bytes)
Event: 20.124 Thread 0x0000000019486800 nmethod 10691 0x0000000004845450 code [0x00000000048455a0, 0x0000000004845730]
Event: 20.124 Thread 0x0000000019486800 10699       2       org.gradle.execution.plan.DefaultExecutionPlan::selectNext (232 bytes)
Event: 20.126 Thread 0x0000000019486800 nmethod 10699 0x0000000004843850 code [0x0000000004843b40, 0x0000000004844738]

GC Heap History (10 events):
Event: 6.596 GC heap before
{Heap before GC invocations=12 (full 2):
 PSYoungGen      total 163328K, used 69309K [0x00000000d5580000, 0x00000000e2000000, 0x0000000100000000)
  eden space 151040K, 37% used [0x00000000d5580000,0x00000000d8d340f8,0x00000000de900000)
  from space 12288K, 99% used [0x00000000de900000,0x00000000df4fb330,0x00000000df500000)
  to   space 16896K, 0% used [0x00000000e0f80000,0x00000000e0f80000,0x00000000e2000000)
 ParOldGen       total 164352K, used 26799K [0x0000000080000000, 0x000000008a080000, 0x00000000d5580000)
  object space 164352K, 16% used [0x0000000080000000,0x0000000081a2bea8,0x000000008a080000)
 Metaspace       used 56731K, capacity 59004K, committed 59096K, reserved 1099776K
  class space    used 7693K, capacity 8159K, committed 8192K, reserved 1048576K
Event: 6.609 GC heap after
Heap after GC invocations=12 (full 2):
 PSYoungGen      total 187904K, used 16869K [0x00000000d5580000, 0x00000000e3600000, 0x0000000100000000)
  eden space 171008K, 0% used [0x00000000d5580000,0x00000000d5580000,0x00000000dfc80000)
  from space 16896K, 99% used [0x00000000e0f80000,0x00000000e1ff9618,0x00000000e2000000)
  to   space 19456K, 0% used [0x00000000dfc80000,0x00000000dfc80000,0x00000000e0f80000)
 ParOldGen       total 164352K, used 29131K [0x0000000080000000, 0x000000008a080000, 0x00000000d5580000)
  object space 164352K, 17% used [0x0000000080000000,0x0000000081c72fb0,0x000000008a080000)
 Metaspace       used 56731K, capacity 59004K, committed 59096K, reserved 1099776K
  class space    used 7693K, capacity 8159K, committed 8192K, reserved 1048576K
}
Event: 6.609 GC heap before
{Heap before GC invocations=13 (full 3):
 PSYoungGen      total 187904K, used 16869K [0x00000000d5580000, 0x00000000e3600000, 0x0000000100000000)
  eden space 171008K, 0% used [0x00000000d5580000,0x00000000d5580000,0x00000000dfc80000)
  from space 16896K, 99% used [0x00000000e0f80000,0x00000000e1ff9618,0x00000000e2000000)
  to   space 19456K, 0% used [0x00000000dfc80000,0x00000000dfc80000,0x00000000e0f80000)
 ParOldGen       total 164352K, used 29131K [0x0000000080000000, 0x000000008a080000, 0x00000000d5580000)
  object space 164352K, 17% used [0x0000000080000000,0x0000000081c72fb0,0x000000008a080000)
 Metaspace       used 56731K, capacity 59004K, committed 59096K, reserved 1099776K
  class space    used 7693K, capacity 8159K, committed 8192K, reserved 1048576K
Event: 6.820 GC heap after
Heap after GC invocations=13 (full 3):
 PSYoungGen      total 187904K, used 0K [0x00000000d5580000, 0x00000000e3600000, 0x0000000100000000)
  eden space 171008K, 0% used [0x00000000d5580000,0x00000000d5580000,0x00000000dfc80000)
  from space 16896K, 0% used [0x00000000e0f80000,0x00000000e0f80000,0x00000000e2000000)
  to   space 19456K, 0% used [0x00000000dfc80000,0x00000000dfc80000,0x00000000e0f80000)
 ParOldGen       total 247808K, used 34519K [0x0000000080000000, 0x000000008f200000, 0x00000000d5580000)
  object space 247808K, 13% used [0x0000000080000000,0x00000000821b5c20,0x000000008f200000)
 Metaspace       used 56676K, capacity 58818K, committed 59096K, reserved 1099776K
  class space    used 7676K, capacity 8128K, committed 8192K, reserved 1048576K
}
Event: 8.220 GC heap before
{Heap before GC invocations=14 (full 3):
 PSYoungGen      total 187904K, used 171008K [0x00000000d5580000, 0x00000000e3600000, 0x0000000100000000)
  eden space 171008K, 100% used [0x00000000d5580000,0x00000000dfc80000,0x00000000dfc80000)
  from space 16896K, 0% used [0x00000000e0f80000,0x00000000e0f80000,0x00000000e2000000)
  to   space 19456K, 0% used [0x00000000dfc80000,0x00000000dfc80000,0x00000000e0f80000)
 ParOldGen       total 247808K, used 34519K [0x0000000080000000, 0x000000008f200000, 0x00000000d5580000)
  object space 247808K, 13% used [0x0000000080000000,0x00000000821b5c20,0x000000008f200000)
 Metaspace       used 64774K, capacity 67342K, committed 67544K, reserved 1107968K
  class space    used 8862K, capacity 9381K, committed 9472K, reserved 1048576K
Event: 8.230 GC heap after
Heap after GC invocations=14 (full 3):
 PSYoungGen      total 190464K, used 14075K [0x00000000d5580000, 0x00000000e3d80000, 0x0000000100000000)
  eden space 171008K, 0% used [0x00000000d5580000,0x00000000d5580000,0x00000000dfc80000)
  from space 19456K, 72% used [0x00000000dfc80000,0x00000000e0a3ed90,0x00000000e0f80000)
  to   space 19968K, 0% used [0x00000000e2a00000,0x00000000e2a00000,0x00000000e3d80000)
 ParOldGen       total 247808K, used 34527K [0x0000000080000000, 0x000000008f200000, 0x00000000d5580000)
  object space 247808K, 13% used [0x0000000080000000,0x00000000821b7c20,0x000000008f200000)
 Metaspace       used 64774K, capacity 67342K, committed 67544K, reserved 1107968K
  class space    used 8862K, capacity 9381K, committed 9472K, reserved 1048576K
}
Event: 9.356 GC heap before
{Heap before GC invocations=15 (full 3):
 PSYoungGen      total 190464K, used 185083K [0x00000000d5580000, 0x00000000e3d80000, 0x0000000100000000)
  eden space 171008K, 100% used [0x00000000d5580000,0x00000000dfc80000,0x00000000dfc80000)
  from space 19456K, 72% used [0x00000000dfc80000,0x00000000e0a3ed90,0x00000000e0f80000)
  to   space 19968K, 0% used [0x00000000e2a00000,0x00000000e2a00000,0x00000000e3d80000)
 ParOldGen       total 247808K, used 34527K [0x0000000080000000, 0x000000008f200000, 0x00000000d5580000)
  object space 247808K, 13% used [0x0000000080000000,0x00000000821b7c20,0x000000008f200000)
 Metaspace       used 73287K, capacity 77370K, committed 77656K, reserved 1116160K
  class space    used 10107K, capacity 10821K, committed 10880K, reserved 1048576K
Event: 9.373 GC heap after
Heap after GC invocations=15 (full 3):
 PSYoungGen      total 214016K, used 19952K [0x00000000d5580000, 0x00000000e4500000, 0x0000000100000000)
  eden space 194048K, 0% used [0x00000000d5580000,0x00000000d5580000,0x00000000e1300000)
  from space 19968K, 99% used [0x00000000e2a00000,0x00000000e3d7c170,0x00000000e3d80000)
  to   space 23552K, 0% used [0x00000000e1300000,0x00000000e1300000,0x00000000e2a00000)
 ParOldGen       total 247808K, used 38101K [0x0000000080000000, 0x000000008f200000, 0x00000000d5580000)
  object space 247808K, 15% used [0x0000000080000000,0x00000000825356a0,0x000000008f200000)
 Metaspace       used 73287K, capacity 77370K, committed 77656K, reserved 1116160K
  class space    used 10107K, capacity 10821K, committed 10880K, reserved 1048576K
}
Event: 19.849 GC heap before
{Heap before GC invocations=16 (full 3):
 PSYoungGen      total 214016K, used 214000K [0x00000000d5580000, 0x00000000e4500000, 0x0000000100000000)
  eden space 194048K, 100% used [0x00000000d5580000,0x00000000e1300000,0x00000000e1300000)
  from space 19968K, 99% used [0x00000000e2a00000,0x00000000e3d7c170,0x00000000e3d80000)
  to   space 23552K, 0% used [0x00000000e1300000,0x00000000e1300000,0x00000000e2a00000)
 ParOldGen       total 247808K, used 38101K [0x0000000080000000, 0x000000008f200000, 0x00000000d5580000)
  object space 247808K, 15% used [0x0000000080000000,0x00000000825356a0,0x000000008f200000)
 Metaspace       used 81858K, capacity 86584K, committed 86616K, reserved 1124352K
  class space    used 11016K, capacity 11892K, committed 11904K, reserved 1048576K
Event: 19.874 GC heap after
Heap after GC invocations=16 (full 3):
 PSYoungGen      total 217600K, used 23528K [0x00000000d5580000, 0x00000000e4500000, 0x0000000100000000)
  eden space 194048K, 0% used [0x00000000d5580000,0x00000000d5580000,0x00000000e1300000)
  from space 23552K, 99% used [0x00000000e1300000,0x00000000e29fa278,0x00000000e2a00000)
  to   space 19968K, 0% used [0x00000000e2a00000,0x00000000e2a00000,0x00000000e3d80000)
 ParOldGen       total 247808K, used 50407K [0x0000000080000000, 0x000000008f200000, 0x00000000d5580000)
  object space 247808K, 20% used [0x0000000080000000,0x0000000083139e28,0x000000008f200000)
 Metaspace       used 81858K, capacity 86584K, committed 86616K, reserved 1124352K
  class space    used 11016K, capacity 11892K, committed 11904K, reserved 1048576K
}

Deoptimization events (10 events):
Event: 19.894 Thread 0x000000001fdda000 Uncommon trap: reason=unstable_if action=reinterpret pc=0x00000000034b2038 method=java.util.concurrent.ConcurrentLinkedQueue.poll()Ljava/lang/Object; @ 25
Event: 19.932 Thread 0x000000001fdd4000 Uncommon trap: reason=null_check action=make_not_entrant pc=0x00000000047b9d24 method=org.gradle.tooling.internal.provider.runner.SubtreeFilteringBuildOperationListener.started(Lorg/gradle/internal/operations/BuildOperationDescriptor;Lorg/gradle/internal/
Event: 19.932 Thread 0x000000001fdda000 Uncommon trap: reason=null_check action=make_not_entrant pc=0x00000000047b9d24 method=org.gradle.tooling.internal.provider.runner.SubtreeFilteringBuildOperationListener.started(Lorg/gradle/internal/operations/BuildOperationDescriptor;Lorg/gradle/internal/
Event: 19.932 Thread 0x000000001fdd8800 Uncommon trap: reason=null_check action=make_not_entrant pc=0x00000000047b9d24 method=org.gradle.tooling.internal.provider.runner.SubtreeFilteringBuildOperationListener.started(Lorg/gradle/internal/operations/BuildOperationDescriptor;Lorg/gradle/internal/
Event: 19.940 Thread 0x000000001fdd6000 Uncommon trap: reason=unstable_if action=reinterpret pc=0x000000000427e86c method=java.util.concurrent.ConcurrentLinkedQueue.offer(Ljava/lang/Object;)Z @ 91
Event: 20.016 Thread 0x0000000020e69000 Uncommon trap: reason=unstable_if action=reinterpret pc=0x00000000045c9d88 method=org.gradle.cache.internal.btree.BlockPointer.isNull()Z @ 6
Event: 20.048 Thread 0x000000001fdd5800 Uncommon trap: reason=bimorphic action=maybe_recompile pc=0x000000000480a788 method=com.google.common.collect.NaturalOrdering.compare(Ljava/lang/Comparable;Ljava/lang/Comparable;)I @ 12
Event: 20.048 Thread 0x000000001fdd5800 Uncommon trap: reason=bimorphic action=maybe_recompile pc=0x000000000480a788 method=com.google.common.collect.NaturalOrdering.compare(Ljava/lang/Comparable;Ljava/lang/Comparable;)I @ 12
Event: 20.048 Thread 0x000000001fdd5800 Uncommon trap: reason=bimorphic action=maybe_recompile pc=0x000000000480a788 method=com.google.common.collect.NaturalOrdering.compare(Ljava/lang/Comparable;Ljava/lang/Comparable;)I @ 12
Event: 20.048 Thread 0x000000001fdd5800 Uncommon trap: reason=bimorphic action=maybe_recompile pc=0x000000000480a788 method=com.google.common.collect.NaturalOrdering.compare(Ljava/lang/Comparable;Ljava/lang/Comparable;)I @ 12

Classes redefined (0 events):
No events

Internal exceptions (10 events):
Event: 19.614 Thread 0x000000001ce14800 Implicit null exception at 0x0000000003ef1963 to 0x0000000003ef1dbd
Event: 19.932 Thread 0x000000001fdd4000 Implicit null exception at 0x00000000047b8d24 to 0x00000000047b9d01
Event: 19.932 Thread 0x000000001fdda000 Implicit null exception at 0x00000000047b8d24 to 0x00000000047b9d01
Event: 19.932 Thread 0x000000001fdd8800 Implicit null exception at 0x00000000047b8d24 to 0x00000000047b9d01
Event: 19.974 Thread 0x000000001f67b000 Exception <a 'java/lang/NoSuchMethodError': <clinit>> (0x00000000d55f6aa0) thrown at [C:\src\AOSP-openjdk-git\hotspot\src\share\vm\prims\jni.cpp, line 1615]
Event: 19.975 Thread 0x000000001f67b000 Exception <a 'java/lang/NoSuchMethodError': <clinit>> (0x00000000d5601e70) thrown at [C:\src\AOSP-openjdk-git\hotspot\src\share\vm\prims\jni.cpp, line 1615]
Event: 19.989 Thread 0x000000001f67b000 Exception <a 'java/lang/NoSuchMethodError': <clinit>> (0x00000000d560e930) thrown at [C:\src\AOSP-openjdk-git\hotspot\src\share\vm\prims\jni.cpp, line 1615]
Event: 19.993 Thread 0x000000001f67b000 Exception <a 'java/lang/NoSuchMethodError': <clinit>> (0x00000000d776e2b8) thrown at [C:\src\AOSP-openjdk-git\hotspot\src\share\vm\prims\jni.cpp, line 1615]
Event: 19.993 Thread 0x000000001f67b000 Exception <a 'java/lang/NoSuchMethodError': <clinit>> (0x00000000d776fdf0) thrown at [C:\src\AOSP-openjdk-git\hotspot\src\share\vm\prims\jni.cpp, line 1615]
Event: 20.030 Thread 0x000000001f67b000 Exception <a 'java/lang/NoSuchMethodError': <clinit>> (0x00000000d777cb10) thrown at [C:\src\AOSP-openjdk-git\hotspot\src\share\vm\prims\jni.cpp, line 1615]

Events (10 events):
Event: 20.081 Thread 0x0000000019486800 flushing nmethod 0x00000000041c3410
Event: 20.082 Thread 0x0000000019486800 flushing nmethod 0x0000000004272ad0
Event: 20.082 Thread 0x0000000019486800 flushing nmethod 0x00000000042862d0
Event: 20.083 Thread 0x0000000019486800 flushing nmethod 0x000000000441a390
Event: 20.083 Thread 0x0000000019486800 flushing nmethod 0x00000000044204d0
Event: 20.083 Thread 0x0000000019486800 flushing nmethod 0x00000000045502d0
Event: 20.114 loading class org/gradle/internal/snapshot/impl/SetValueSnapshot
Event: 20.114 loading class org/gradle/internal/snapshot/impl/SetValueSnapshot done
Event: 20.120 loading class com/android/build/gradle/tasks/MergeResources$Flag
Event: 20.120 loading class com/android/build/gradle/tasks/MergeResources$Flag done


Dynamic libraries:
0x00007ff610aa0000 - 0x00007ff610ad1000 	E:\AndroidStudio\jre\bin\java.exe
0x00007ff8f8200000 - 0x00007ff8f83f0000 	C:\Windows\SYSTEM32\ntdll.dll
0x00007ff8f7160000 - 0x00007ff8f7212000 	C:\Windows\System32\KERNEL32.DLL
0x00007ff8f5320000 - 0x00007ff8f55c4000 	C:\Windows\System32\KERNELBASE.dll
0x00007ff8f74f0000 - 0x00007ff8f7593000 	C:\Windows\System32\ADVAPI32.dll
0x00007ff8f7e60000 - 0x00007ff8f7efe000 	C:\Windows\System32\msvcrt.dll
0x00007ff8f7d10000 - 0x00007ff8f7da7000 	C:\Windows\System32\sechost.dll
0x00007ff8f7220000 - 0x00007ff8f7340000 	C:\Windows\System32\RPCRT4.dll
0x00007ff8f6fc0000 - 0x00007ff8f7155000 	C:\Windows\System32\USER32.dll
0x00007ff8f5180000 - 0x00007ff8f51a1000 	C:\Windows\System32\win32u.dll
0x00007ff8f75a0000 - 0x00007ff8f75c6000 	C:\Windows\System32\GDI32.dll
0x00007ff8f5850000 - 0x00007ff8f59e6000 	C:\Windows\System32\gdi32full.dll
0x00007ff8f5280000 - 0x00007ff8f531e000 	C:\Windows\System32\msvcp_win.dll
0x00007ff8f5750000 - 0x00007ff8f584a000 	C:\Windows\System32\ucrtbase.dll
0x00007ff8d9090000 - 0x00007ff8d9314000 	C:\Windows\WinSxS\amd64_microsoft.windows.common-controls_6595b64144ccf1df_6.0.18362.1016_none_9e7a36bbe461dae4\COMCTL32.dll
0x00007ff8f6510000 - 0x00007ff8f6845000 	C:\Windows\System32\combase.dll
0x00007ff8f59f0000 - 0x00007ff8f5a70000 	C:\Windows\System32\bcryptPrimitives.dll
0x00007ff8f62d0000 - 0x00007ff8f62fe000 	C:\Windows\System32\IMM32.DLL
0x00000000748a0000 - 0x0000000074972000 	E:\AndroidStudio\jre\jre\bin\msvcr100.dll
0x00000000753f0000 - 0x0000000075c3b000 	E:\AndroidStudio\jre\jre\bin\server\jvm.dll
0x00007ff8f75d0000 - 0x00007ff8f75d8000 	C:\Windows\System32\PSAPI.DLL
0x00007ff8ed0b0000 - 0x00007ff8ed0b9000 	C:\Windows\SYSTEM32\WSOCK32.dll
0x00007ff8f2a70000 - 0x00007ff8f2a94000 	C:\Windows\SYSTEM32\WINMM.dll
0x00007ff8eeed0000 - 0x00007ff8eeeda000 	C:\Windows\SYSTEM32\VERSION.dll
0x00007ff8f7480000 - 0x00007ff8f74ef000 	C:\Windows\System32\WS2_32.dll
0x00007ff8f2a40000 - 0x00007ff8f2a6d000 	C:\Windows\SYSTEM32\winmmbase.dll
0x00007ff8f5230000 - 0x00007ff8f527a000 	C:\Windows\System32\cfgmgr32.dll
0x00007ff8eb5b0000 - 0x00007ff8eb5bf000 	E:\AndroidStudio\jre\jre\bin\verify.dll
0x00007ff8e6c10000 - 0x00007ff8e6c39000 	E:\AndroidStudio\jre\jre\bin\java.dll
0x00007ff8e6e30000 - 0x00007ff8e6e46000 	E:\AndroidStudio\jre\jre\bin\zip.dll
0x00007ff8f6850000 - 0x00007ff8f6f37000 	C:\Windows\System32\SHELL32.dll
0x00007ff8f7db0000 - 0x00007ff8f7e59000 	C:\Windows\System32\shcore.dll
0x00007ff8f5b20000 - 0x00007ff8f62a2000 	C:\Windows\System32\windows.storage.dll
0x00007ff8f5150000 - 0x00007ff8f5173000 	C:\Windows\System32\profapi.dll
0x00007ff8f50e0000 - 0x00007ff8f512a000 	C:\Windows\System32\powrprof.dll
0x00007ff8f50b0000 - 0x00007ff8f50c0000 	C:\Windows\System32\UMPDC.dll
0x00007ff8f64b0000 - 0x00007ff8f6502000 	C:\Windows\System32\shlwapi.dll
0x00007ff8f5130000 - 0x00007ff8f5141000 	C:\Windows\System32\kernel.appcore.dll
0x00007ff8f5210000 - 0x00007ff8f5227000 	C:\Windows\System32\cryptsp.dll
0x00007ff8e55b0000 - 0x00007ff8e55ca000 	E:\AndroidStudio\jre\jre\bin\net.dll
0x00007ff8f4910000 - 0x00007ff8f4977000 	C:\Windows\system32\mswsock.dll
0x00007ff8e5590000 - 0x00007ff8e55a3000 	E:\AndroidStudio\jre\jre\bin\nio.dll
0x00007ff8dcf80000 - 0x00007ff8dcfa6000 	C:\Users\Alex\.gradle\native\31\windows-amd64\native-platform.dll
0x00007ff8eb210000 - 0x00007ff8eb21d000 	E:\AndroidStudio\jre\jre\bin\management.dll
0x00007ff8f4480000 - 0x00007ff8f44b3000 	C:\Windows\system32\rsaenh.dll
0x00007ff8f55d0000 - 0x00007ff8f55f6000 	C:\Windows\System32\bcrypt.dll
0x00007ff8f4fd0000 - 0x00007ff8f4ff5000 	C:\Windows\SYSTEM32\USERENV.dll
0x00007ff8f4ae0000 - 0x00007ff8f4aec000 	C:\Windows\SYSTEM32\CRYPTBASE.dll
0x00007ff8f4620000 - 0x00007ff8f465a000 	C:\Windows\SYSTEM32\IPHLPAPI.DLL
0x00007ff8f81b0000 - 0x00007ff8f81b8000 	C:\Windows\System32\NSI.dll
0x00007ff8ee7d0000 - 0x00007ff8ee7e6000 	C:\Windows\SYSTEM32\dhcpcsvc6.DLL
0x00007ff8ed900000 - 0x00007ff8ed91c000 	C:\Windows\SYSTEM32\dhcpcsvc.DLL
0x00007ff8f4660000 - 0x00007ff8f472b000 	C:\Windows\SYSTEM32\DNSAPI.dll

VM Arguments:
jvm_args: -Xmx2048m -Dfile.encoding=windows-1252 -Duser.country=US -Duser.language=en -Duser.variant 
java_command: org.gradle.launcher.daemon.bootstrap.GradleDaemon 6.1.1
java_class_path (initial): C:\Users\Alex\.gradle\wrapper\dists\gradle-6.1.1-all\cfmwm155h49vnt3hynmlrsdst\gradle-6.1.1\lib\gradle-launcher-6.1.1.jar
Launcher Type: SUN_STANDARD

Environment Variables:
PATH=C:\ProgramData\Oracle\Java\javapath;C:\Windows\system32;C:\Windows;C:\Windows\System32\Wbem;C:\Windows\System32\WindowsPowerShell\v1.0\;C:\Windows\System32\OpenSSH\;C:\Program Files (x86)\NVIDIA Corporation\PhysX\Common;C:\Program Files\dotnet\;C:\Program Files\Git\cmd;C:\Program Files\NVIDIA Corporation\NVIDIA NvDLISR;C:\Program Files\PuTTY\;C:\Program Files\OpenSSL-Win64\bin;C:\Program Files\nodejs\;E:\Program Files\PowerShell\7\;C:\Program Files\CMake\bin;C:\Users\Alex\AppData\Local\Microsoft\WindowsApps;C:\Program Files\JetBrains\IntelliJ IDEA Community Edition 2019.2.2\bin;C:\Program Files\JetBrains\PyCharm Community Edition 2019.2.1\bin;C:\Program Files\JetBrains\PyCharm 2019.2.2\bin;C:\Program Files\JetBrains\IntelliJ IDEA 2019.2.2\bin;C:\Program Files\JetBrains\CLion 2019.2.4\bin;C:\Users\Alex\AppData\Local\Programs\Microsoft VS Code\bin;C:\Program Files (x86)\Graphviz2.38\bin;E:\IntelliJ IDEA 2020.1.3\bin;C:\Users\Alex\AppData\Roaming\npm;C:\Users\Alex\.dotnet\tools;C:\Users\Alex\AppData\Local\atom\bin
USERNAME=Alex
OS=Windows_NT
PROCESSOR_IDENTIFIER=Intel64 Family 6 Model 158 Stepping 10, GenuineIntel



---------------  S Y S T E M  ---------------

OS: Windows 10.0 , 64 bit Build 18362 (10.0.18362.959)

CPU:total 12 (initial active 12) (6 cores per cpu, 2 threads per core) family 6 model 158 stepping 10, cmov, cx8, fxsr, mmx, sse, sse2, sse3, ssse3, sse4.1, sse4.2, popcnt, avx, avx2, aes, clmul, erms, 3dnowpref, lzcnt, ht, tsc, tscinvbit, bmi1, bmi2, adx

Memory: 4k page, physical 16617708k(3263104k free), swap 25006316k(5300k free)

vm_info: OpenJDK 64-Bit Server VM (25.242-b01) for windows-amd64 JRE (1.8.0_242-release-1644-b01), built by "builder" with MS VC++ 10.0 (VS2010)

time: Wed Aug 26 01:08:27 2020
timezone: FLE Daylight Time
elapsed time: 20 seconds (0d 0h 0m 20s)

