#
# There is insufficient memory for the Java Runtime Environment to continue.
# Native memory allocation (malloc) failed to allocate 147696 bytes for Chunk::new
# Possible reasons:
#   The system is out of physical RAM or swap space
#   The process is running with CompressedOops enabled, and the Java Heap may be blocking the growth of the native heap
# Possible solutions:
#   Reduce memory load on the system
#   Increase physical memory or swap space
#   Check if swap backing store is full
#   Decrease Java heap size (-Xmx/-Xms)
#   Decrease number of Java threads
#   Decrease Java thread stack sizes (-Xss)
#   Set larger code cache with -XX:ReservedCodeCacheSize=
#   JVM is running with Unscaled Compressed Oops mode in which the Java heap is
#     placed in the first 4GB address space. The Java Heap base address is the
#     maximum limit for the native heap growth. Please use -XX:HeapBaseMinAddress
#     to set the Java Heap base and to place the Java Heap above 4GB virtual address.
# This output file may be truncated or incomplete.
#
#  Out of Memory Error (allocation.cpp:389), pid=7888, tid=0x0000000000000d20
#
# JRE version: OpenJDK Runtime Environment (8.0_242-b01) (build 1.8.0_242-release-1644-b01)
# Java VM: OpenJDK 64-Bit Server VM (25.242-b01 mixed mode windows-amd64 compressed oops)
# Failed to write core dump. Minidumps are not enabled by default on client versions of Windows
#

---------------  T H R E A D  ---------------

Current thread (0x0000000019ca5000):  JavaThread "C2 CompilerThread2" daemon [_thread_in_native, id=3360, stack(0x000000001b4e0000,0x000000001b5e0000)]

Stack: [0x000000001b4e0000,0x000000001b5e0000]
[error occurred during error reporting (printing stack bounds), id 0xc0000005]

Native frames: (J=compiled Java code, j=interpreted, Vv=VM code, C=native code)


Current CompileTask:
C2:  18608 9865   !   4       org.gradle.cache.internal.LockOnDemandCrossProcessCacheAccess::incrementLockCount (193 bytes)


---------------  P R O C E S S  ---------------

Java Threads: ( => current thread )
  0x000000002227c000 JavaThread "RMI TCP Connection(1)-127.0.0.1" daemon [_thread_in_native, id=20676, stack(0x000000002b480000,0x000000002b580000)]
  0x000000002227b800 JavaThread "RMI Reaper" [_thread_blocked, id=26080, stack(0x000000002b180000,0x000000002b280000)]
  0x000000002227d800 JavaThread "RMI TCP Accept-0" daemon [_thread_in_native, id=18340, stack(0x000000002b080000,0x000000002b180000)]
  0x000000002227f000 JavaThread "GC Daemon" daemon [_thread_blocked, id=17656, stack(0x000000002af80000,0x000000002b080000)]
  0x0000000022272800 JavaThread "RMI RenewClean-[127.0.0.1:17858,org.jetbrains.kotlin.daemon.common.LoopbackNetworkInterface$ClientLoopbackSocketFactory@4eede9ab]" daemon [_thread_blocked, id=20968, stack(0x000000002ae80000,0x000000002af80000)]
  0x0000000022278800 JavaThread "RMI Scheduler(0)" daemon [_thread_blocked, id=12780, stack(0x000000002ad80000,0x000000002ae80000)]
  0x0000000022277800 JavaThread "WorkerExecutor Queue Thread 5" [_thread_blocked, id=26264, stack(0x000000002a880000,0x000000002a980000)]
  0x0000000022276000 JavaThread "WorkerExecutor Queue Thread 4" [_thread_blocked, id=24396, stack(0x000000002a780000,0x000000002a880000)]
  0x000000001cd0d000 JavaThread "WorkerExecutor Queue Thread 3" [_thread_blocked, id=20424, stack(0x0000000029cb0000,0x0000000029db0000)]
  0x000000001cd0b800 JavaThread "WorkerExecutor Queue Thread 2" [_thread_blocked, id=7812, stack(0x0000000029bb0000,0x0000000029cb0000)]
  0x000000001cd0e800 JavaThread "WorkerExecutor Queue" [_thread_blocked, id=9312, stack(0x0000000029ab0000,0x0000000029bb0000)]
  0x000000001cd0b000 JavaThread "Cache worker for execution history cache (E:\Android_projects\androclient\.gradle\6.1.1\executionHistory)" [_thread_blocked, id=13176, stack(0x00000000297b0000,0x00000000298b0000)]
  0x000000001cd02800 JavaThread "Cache worker for file content cache (E:\Android_projects\androclient\.gradle\6.1.1\fileContent)" [_thread_blocked, id=2284, stack(0x0000000028550000,0x0000000028650000)]
  0x000000001cd06800 JavaThread "Cache worker for file content cache (C:\Users\Alex\.gradle\caches\6.1.1\fileContent)" [_thread_blocked, id=27704, stack(0x0000000027d70000,0x0000000027e70000)]
  0x000000001cd05000 JavaThread "Memory manager" [_thread_blocked, id=10316, stack(0x0000000026520000,0x0000000026620000)]
  0x000000001cea9800 JavaThread "Cache worker for Build Output Cleanup Cache (E:\Android_projects\androclient\.gradle\buildOutputCleanup)" [_thread_blocked, id=8880, stack(0x00000000266a0000,0x00000000267a0000)]
  0x000000001ceae000 JavaThread "Build operations Thread 12" [_thread_blocked, id=27556, stack(0x0000000025c20000,0x0000000025d20000)]
  0x000000001cead800 JavaThread "Build operations Thread 11" [_thread_blocked, id=1596, stack(0x0000000025b20000,0x0000000025c20000)]
  0x000000001ceaa800 JavaThread "Build operations Thread 10" [_thread_blocked, id=14340, stack(0x0000000025a20000,0x0000000025b20000)]
  0x000000001ceab000 JavaThread "Build operations Thread 9" [_thread_blocked, id=18568, stack(0x0000000025920000,0x0000000025a20000)]
  0x000000001cea9000 JavaThread "Build operations Thread 8" [_thread_blocked, id=26476, stack(0x0000000025820000,0x0000000025920000)]
  0x000000001ceac000 JavaThread "Build operations Thread 7" [_thread_blocked, id=10368, stack(0x0000000025720000,0x0000000025820000)]
  0x000000001cea1800 JavaThread "Build operations Thread 6" [_thread_blocked, id=23612, stack(0x0000000025620000,0x0000000025720000)]
  0x000000001cea8000 JavaThread "Build operations Thread 5" [_thread_blocked, id=14676, stack(0x0000000025520000,0x0000000025620000)]
  0x000000001cea0800 JavaThread "Build operations Thread 4" [_thread_blocked, id=8976, stack(0x0000000025420000,0x0000000025520000)]
  0x000000001cea7800 JavaThread "Build operations Thread 3" [_thread_blocked, id=3112, stack(0x0000000025320000,0x0000000025420000)]
  0x000000001cea3000 JavaThread "Build operations Thread 2" [_thread_blocked, id=27472, stack(0x0000000025220000,0x0000000025320000)]
  0x000000001cea2000 JavaThread "Build operations" [_thread_blocked, id=14896, stack(0x0000000025120000,0x0000000025220000)]
  0x000000001cea5000 JavaThread "Cache worker for execution history cache (C:\Users\Alex\.gradle\caches\6.1.1\executionHistory)" [_thread_blocked, id=19864, stack(0x00000000231d0000,0x00000000232d0000)]
  0x000000001cea6000 JavaThread "Cache worker for cache directory md-rule (C:\Users\Alex\.gradle\caches\6.1.1\md-rule)" [_thread_blocked, id=25940, stack(0x00000000230d0000,0x00000000231d0000)]
  0x000000001d571800 JavaThread "Cache worker for cache directory md-supplier (C:\Users\Alex\.gradle\caches\6.1.1\md-supplier)" [_thread_blocked, id=13500, stack(0x0000000022fd0000,0x00000000230d0000)]
  0x000000001d56e800 JavaThread "Cache worker for file hash cache (E:\Android_projects\androclient\.gradle\6.1.1\fileHashes)" [_thread_blocked, id=24732, stack(0x0000000021d30000,0x0000000021e30000)]
  0x000000001d570800 JavaThread "Cache worker for checksums cache (E:\Android_projects\androclient\.gradle\checksums)" [_thread_blocked, id=520, stack(0x0000000022ed0000,0x0000000022fd0000)]
  0x000000001d56f000 JavaThread "Cache worker for file hash cache (C:\Users\Alex\.gradle\caches\6.1.1\fileHashes)" [_thread_blocked, id=17896, stack(0x000000001f800000,0x000000001f900000)]
  0x000000001d570000 JavaThread "File lock request listener" [_thread_in_native, id=24612, stack(0x000000001f700000,0x000000001f800000)]
  0x000000001d993800 JavaThread "Cache worker for journal cache (C:\Users\Alex\.gradle\caches\journal-1)" [_thread_blocked, id=21728, stack(0x000000001f600000,0x000000001f700000)]
  0x000000001d5e6000 JavaThread "Thread-9" [_thread_blocked, id=23684, stack(0x000000001f300000,0x000000001f400000)]
  0x000000001d6f3800 JavaThread "Stdin handler" [_thread_blocked, id=21236, stack(0x000000001f200000,0x000000001f300000)]
  0x000000001d6f3000 JavaThread "Asynchronous log dispatcher for DefaultDaemonConnection: socket connection from /127.0.0.1:56062 to /127.0.0.1:56063" [_thread_blocked, id=6436, stack(0x000000001f100000,0x000000001f200000)]
  0x000000001d5e3000 JavaThread "Daemon worker" [_thread_in_native, id=23836, stack(0x000000001f000000,0x000000001f100000)]
  0x000000001d57d800 JavaThread "Cancel handler" [_thread_blocked, id=8124, stack(0x000000001ee00000,0x000000001ef00000)]
  0x000000001d56d800 JavaThread "Handler for socket connection from /127.0.0.1:56062 to /127.0.0.1:56063" [_thread_in_native, id=28728, stack(0x000000001eb00000,0x000000001ec00000)]
  0x000000001d561800 JavaThread "Daemon" [_thread_blocked, id=16516, stack(0x000000001ea00000,0x000000001eb00000)]
  0x000000001d599000 JavaThread "Daemon periodic checks" [_thread_blocked, id=13440, stack(0x000000001e900000,0x000000001ea00000)]
  0x000000001d58c000 JavaThread "Incoming local TCP Connector on port 56062" [_thread_in_native, id=4804, stack(0x000000001e6c0000,0x000000001e7c0000)]
  0x000000001d496000 JavaThread "Daemon health stats" [_thread_blocked, id=19104, stack(0x000000001e080000,0x000000001e180000)]
  0x0000000019d2a800 JavaThread "Service Thread" daemon [_thread_blocked, id=10196, stack(0x000000001b6e0000,0x000000001b7e0000)]
  0x0000000019ca5800 JavaThread "C1 CompilerThread3" daemon [_thread_blocked, id=8752, stack(0x000000001b5e0000,0x000000001b6e0000)]
=>0x0000000019ca5000 JavaThread "C2 CompilerThread2" daemon [_thread_in_native, id=3360, stack(0x000000001b4e0000,0x000000001b5e0000)]
  0x00000000185bd000 JavaThread "C2 CompilerThread1" daemon [_thread_blocked, id=16708, stack(0x000000001b3e0000,0x000000001b4e0000)]
  0x0000000019c9f000 JavaThread "C2 CompilerThread0" daemon [_thread_blocked, id=21376, stack(0x000000001b2e0000,0x000000001b3e0000)]
  0x0000000019c9c800 JavaThread "Attach Listener" daemon [_thread_blocked, id=1900, stack(0x000000001b1e0000,0x000000001b2e0000)]
  0x0000000019c9a000 JavaThread "Signal Dispatcher" daemon [_thread_blocked, id=6180, stack(0x000000001b0e0000,0x000000001b1e0000)]
  0x00000000185b1800 JavaThread "Finalizer" daemon [_thread_blocked, id=13356, stack(0x000000001aee0000,0x000000001afe0000)]
  0x0000000019c83000 JavaThread "Reference Handler" daemon [_thread_blocked, id=10640, stack(0x000000001ade0000,0x000000001aee0000)]
  0x000000000323e800 JavaThread "main" [_thread_blocked, id=1348, stack(0x0000000003110000,0x0000000003210000)]

Other Threads:
  0x0000000019c62800 VMThread [stack: 0x000000001ace0000,0x000000001ade0000] [id=12592]
  0x0000000019d2d000 WatcherThread [stack: 0x000000001b7e0000,0x000000001b8e0000] [id=8864]

VM state:not at safepoint (normal execution)

VM Mutex/Monitor currently owned by a thread: None

heap address: 0x0000000080000000, size: 2048 MB, Compressed Oops mode: 32-bit
Narrow klass base: 0x0000000000000000, Narrow klass shift: 3
Compressed class space size: 1073741824 Address: 0x0000000100000000

Heap:
 PSYoungGen      total 265728K, used 73325K [0x00000000d5580000, 0x00000000e7500000, 0x0000000100000000)
  eden space 253440K, 24% used [0x00000000d5580000,0x00000000d912f498,0x00000000e4d00000)
  from space 12288K, 99% used [0x00000000e6900000,0x00000000e74ec1b8,0x00000000e7500000)
  to   space 20480K, 0% used [0x00000000e4d00000,0x00000000e4d00000,0x00000000e6100000)
 ParOldGen       total 197120K, used 43438K [0x0000000080000000, 0x000000008c080000, 0x00000000d5580000)
  object space 197120K, 22% used [0x0000000080000000,0x0000000082a6b9b0,0x000000008c080000)
 Metaspace       used 74608K, capacity 78924K, committed 79256K, reserved 1118208K
  class space    used 10251K, capacity 11065K, committed 11184K, reserved 1048576K

Card table byte_map: [0x0000000012700000,0x0000000012b10000] byte_map_base: 0x0000000012300000

Marking Bits: (ParMarkBitMap*) 0x0000000075bbf030
 Begin Bits: [0x00000000137c0000, 0x00000000157c0000)
 End Bits:   [0x00000000157c0000, 0x00000000177c0000)

Polling page: 0x0000000001230000

CodeCache: size=245760Kb used=25742Kb max_used=26087Kb free=220017Kb
 bounds [0x0000000003340000, 0x0000000004ce0000, 0x0000000012340000]
 total_blobs=9312 nmethods=8447 adapters=778
 compilation: enabled

Compilation events (10 events):
Event: 18.447 Thread 0x0000000019ca5800 9882       1       java.util.concurrent.locks.AbstractOwnableSynchronizer::setExclusiveOwnerThread (6 bytes)
Event: 18.447 Thread 0x0000000019ca5800 nmethod 9882 0x00000000043638d0 code [0x0000000004363a20, 0x0000000004363b50]
Event: 18.447 Thread 0x0000000019c9f000 nmethod 9870 0x00000000035c00d0 code [0x00000000035c0220, 0x00000000035c02a8]
Event: 18.449 Thread 0x0000000019ca5800 9883       1       java.lang.StackTraceElement::getLineNumber (5 bytes)
Event: 18.449 Thread 0x0000000019ca5800 nmethod 9883 0x0000000003622710 code [0x0000000003622860, 0x0000000003622970]
Event: 18.450 Thread 0x0000000019ca5800 9884       1       java.lang.StackTraceElement::getFileName (5 bytes)
Event: 18.450 Thread 0x0000000019ca5800 nmethod 9884 0x00000000038804d0 code [0x0000000003880620, 0x0000000003880730]
Event: 18.451 Thread 0x00000000185bd000 nmethod 9864 0x000000000487fc50 code [0x000000000487fe80, 0x0000000004880b30]
Event: 18.452 Thread 0x0000000019c9f000 9885       4       java.util.HashSet::clear (8 bytes)
Event: 18.454 Thread 0x0000000019c9f000 nmethod 9885 0x00000000039bb1d0 code [0x00000000039bb320, 0x00000000039bb4a8]

GC Heap History (10 events):
Event: 7.492 GC heap before
{Heap before GC invocations=11 (full 2):
 PSYoungGen      total 171008K, used 170985K [0x00000000d5580000, 0x00000000e1a00000, 0x0000000100000000)
  eden space 159232K, 100% used [0x00000000d5580000,0x00000000df100000,0x00000000df100000)
  from space 11776K, 99% used [0x00000000e0e80000,0x00000000e19fa508,0x00000000e1a00000)
  to   space 13312K, 0% used [0x00000000e0000000,0x00000000e0000000,0x00000000e0d00000)
 ParOldGen       total 141312K, used 16674K [0x0000000080000000, 0x0000000088a00000, 0x00000000d5580000)
  object space 141312K, 11% used [0x0000000080000000,0x0000000081048840,0x0000000088a00000)
 Metaspace       used 56569K, capacity 58698K, committed 58928K, reserved 1099776K
  class space    used 7655K, capacity 8141K, committed 8240K, reserved 1048576K
Event: 7.509 GC heap after
Heap after GC invocations=11 (full 2):
 PSYoungGen      total 187904K, used 13280K [0x00000000d5580000, 0x00000000e4180000, 0x0000000100000000)
  eden space 174592K, 0% used [0x00000000d5580000,0x00000000d5580000,0x00000000e0000000)
  from space 13312K, 99% used [0x00000000e0000000,0x00000000e0cf8050,0x00000000e0d00000)
  to   space 19456K, 0% used [0x00000000e2e80000,0x00000000e2e80000,0x00000000e4180000)
 ParOldGen       total 141312K, used 29154K [0x0000000080000000, 0x0000000088a00000, 0x00000000d5580000)
  object space 141312K, 20% used [0x0000000080000000,0x0000000081c78af8,0x0000000088a00000)
 Metaspace       used 56569K, capacity 58698K, committed 58928K, reserved 1099776K
  class space    used 7655K, capacity 8141K, committed 8240K, reserved 1048576K
}
Event: 7.587 GC heap before
{Heap before GC invocations=12 (full 2):
 PSYoungGen      total 187904K, used 23219K [0x00000000d5580000, 0x00000000e4180000, 0x0000000100000000)
  eden space 174592K, 5% used [0x00000000d5580000,0x00000000d5f34c58,0x00000000e0000000)
  from space 13312K, 99% used [0x00000000e0000000,0x00000000e0cf8050,0x00000000e0d00000)
  to   space 19456K, 0% used [0x00000000e2e80000,0x00000000e2e80000,0x00000000e4180000)
 ParOldGen       total 141312K, used 29154K [0x0000000080000000, 0x0000000088a00000, 0x00000000d5580000)
  object space 141312K, 20% used [0x0000000080000000,0x0000000081c78af8,0x0000000088a00000)
 Metaspace       used 57013K, capacity 59104K, committed 59160K, reserved 1099776K
  class space    used 7717K, capacity 8184K, committed 8240K, reserved 1048576K
Event: 7.596 GC heap after
Heap after GC invocations=12 (full 2):
 PSYoungGen      total 222720K, used 9024K [0x00000000d5580000, 0x00000000e6980000, 0x0000000100000000)
  eden space 203264K, 0% used [0x00000000d5580000,0x00000000d5580000,0x00000000e1c00000)
  from space 19456K, 46% used [0x00000000e2e80000,0x00000000e3750020,0x00000000e4180000)
  to   space 18944K, 0% used [0x00000000e1c00000,0x00000000e1c00000,0x00000000e2e80000)
 ParOldGen       total 141312K, used 34289K [0x0000000080000000, 0x0000000088a00000, 0x00000000d5580000)
  object space 141312K, 24% used [0x0000000080000000,0x000000008217c470,0x0000000088a00000)
 Metaspace       used 57013K, capacity 59104K, committed 59160K, reserved 1099776K
  class space    used 7717K, capacity 8184K, committed 8240K, reserved 1048576K
}
Event: 7.596 GC heap before
{Heap before GC invocations=13 (full 3):
 PSYoungGen      total 222720K, used 9024K [0x00000000d5580000, 0x00000000e6980000, 0x0000000100000000)
  eden space 203264K, 0% used [0x00000000d5580000,0x00000000d5580000,0x00000000e1c00000)
  from space 19456K, 46% used [0x00000000e2e80000,0x00000000e3750020,0x00000000e4180000)
  to   space 18944K, 0% used [0x00000000e1c00000,0x00000000e1c00000,0x00000000e2e80000)
 ParOldGen       total 141312K, used 34289K [0x0000000080000000, 0x0000000088a00000, 0x00000000d5580000)
  object space 141312K, 24% used [0x0000000080000000,0x000000008217c470,0x0000000088a00000)
 Metaspace       used 57013K, capacity 59104K, committed 59160K, reserved 1099776K
  class space    used 7717K, capacity 8184K, committed 8240K, reserved 1048576K
Event: 7.802 GC heap after
Heap after GC invocations=13 (full 3):
 PSYoungGen      total 222720K, used 0K [0x00000000d5580000, 0x00000000e6980000, 0x0000000100000000)
  eden space 203264K, 0% used [0x00000000d5580000,0x00000000d5580000,0x00000000e1c00000)
  from space 19456K, 0% used [0x00000000e2e80000,0x00000000e2e80000,0x00000000e4180000)
  to   space 18944K, 0% used [0x00000000e1c00000,0x00000000e1c00000,0x00000000e2e80000)
 ParOldGen       total 197120K, used 30156K [0x0000000080000000, 0x000000008c080000, 0x00000000d5580000)
  object space 197120K, 15% used [0x0000000080000000,0x0000000081d73010,0x000000008c080000)
 Metaspace       used 56965K, capacity 58942K, committed 59160K, reserved 1099776K
  class space    used 7702K, capacity 8157K, committed 8240K, reserved 1048576K
}
Event: 9.386 GC heap before
{Heap before GC invocations=14 (full 3):
 PSYoungGen      total 222720K, used 203264K [0x00000000d5580000, 0x00000000e6980000, 0x0000000100000000)
  eden space 203264K, 100% used [0x00000000d5580000,0x00000000e1c00000,0x00000000e1c00000)
  from space 19456K, 0% used [0x00000000e2e80000,0x00000000e2e80000,0x00000000e4180000)
  to   space 18944K, 0% used [0x00000000e1c00000,0x00000000e1c00000,0x00000000e2e80000)
 ParOldGen       total 197120K, used 30156K [0x0000000080000000, 0x000000008c080000, 0x00000000d5580000)
  object space 197120K, 15% used [0x0000000080000000,0x0000000081d73010,0x000000008c080000)
 Metaspace       used 64503K, capacity 68374K, committed 68632K, reserved 1107968K
  class space    used 8946K, capacity 9663K, committed 9776K, reserved 1048576K
Event: 9.397 GC heap after
Heap after GC invocations=14 (full 3):
 PSYoungGen      total 222208K, used 18929K [0x00000000d5580000, 0x00000000e7e00000, 0x0000000100000000)
  eden space 203264K, 0% used [0x00000000d5580000,0x00000000d5580000,0x00000000e1c00000)
  from space 18944K, 99% used [0x00000000e1c00000,0x00000000e2e7c650,0x00000000e2e80000)
  to   space 21504K, 0% used [0x00000000e6900000,0x00000000e6900000,0x00000000e7e00000)
 ParOldGen       total 197120K, used 31018K [0x0000000080000000, 0x000000008c080000, 0x00000000d5580000)
  object space 197120K, 15% used [0x0000000080000000,0x0000000081e4abf0,0x000000008c080000)
 Metaspace       used 64503K, capacity 68374K, committed 68632K, reserved 1107968K
  class space    used 8946K, capacity 9663K, committed 9776K, reserved 1048576K
}
Event: 12.651 GC heap before
{Heap before GC invocations=15 (full 3):
 PSYoungGen      total 222208K, used 222193K [0x00000000d5580000, 0x00000000e7e00000, 0x0000000100000000)
  eden space 203264K, 100% used [0x00000000d5580000,0x00000000e1c00000,0x00000000e1c00000)
  from space 18944K, 99% used [0x00000000e1c00000,0x00000000e2e7c650,0x00000000e2e80000)
  to   space 21504K, 0% used [0x00000000e6900000,0x00000000e6900000,0x00000000e7e00000)
 ParOldGen       total 197120K, used 31018K [0x0000000080000000, 0x000000008c080000, 0x00000000d5580000)
  object space 197120K, 15% used [0x0000000080000000,0x0000000081e4abf0,0x000000008c080000)
 Metaspace       used 71363K, capacity 75586K, committed 75928K, reserved 1114112K
  class space    used 9784K, capacity 10585K, committed 10672K, reserved 1048576K
Event: 12.663 GC heap after
Heap after GC invocations=15 (full 3):
 PSYoungGen      total 265728K, used 12208K [0x00000000d5580000, 0x00000000e7500000, 0x0000000100000000)
  eden space 253440K, 0% used [0x00000000d5580000,0x00000000d5580000,0x00000000e4d00000)
  from space 12288K, 99% used [0x00000000e6900000,0x00000000e74ec1b8,0x00000000e7500000)
  to   space 20480K, 0% used [0x00000000e4d00000,0x00000000e4d00000,0x00000000e6100000)
 ParOldGen       total 197120K, used 43438K [0x0000000080000000, 0x000000008c080000, 0x00000000d5580000)
  object space 197120K, 22% used [0x0000000080000000,0x0000000082a6b9b0,0x000000008c080000)
 Metaspace       used 71363K, capacity 75586K, committed 75928K, reserved 1114112K
  class space    used 9784K, capacity 10585K, committed 10672K, reserved 1048576K
}

Deoptimization events (10 events):
Event: 14.480 Thread 0x000000001cd05800 Uncommon trap: reason=unstable_if action=reinterpret pc=0x0000000003eaed78 method=java.io.ObjectOutputStream$BlockDataOutputStream.writeBytes(Ljava/lang/String;)V @ 22
Event: 14.512 Thread 0x000000002227c000 Uncommon trap: reason=class_check action=maybe_recompile pc=0x00000000042dd638 method=java.lang.ThreadLocal.set(Ljava/lang/Object;)V @ 26
Event: 18.319 Thread 0x000000002227c000 Uncommon trap: reason=unstable_if action=reinterpret pc=0x0000000004af1770 method=java.io.ObjectInputStream$BlockDataInputStream.readUTFSpan(Ljava/lang/StringBuilder;J)J @ 35
Event: 18.330 Thread 0x000000001cd05800 Uncommon trap: reason=unstable_if action=reinterpret pc=0x000000000472758c method=org.gradle.internal.logging.slf4j.OutputEventListenerBackedLogger.isLevelAtMost(Lorg/gradle/api/logging/LogLevel;)Z @ 11
Event: 18.332 Thread 0x000000001cd05800 Uncommon trap: reason=unstable_if action=reinterpret pc=0x0000000004c39e28 method=org.gradle.internal.operations.logging.LoggingBuildOperationProgressBroadcaster.onOutput(Lorg/gradle/internal/logging/events/OutputEvent;)V @ 4
Event: 18.337 Thread 0x000000001d6f3000 Uncommon trap: reason=unstable_if action=reinterpret pc=0x0000000004a0c3d8 method=com.esotericsoftware.kryo.io.Output.writeUtf8Length(I)V @ 42
Event: 18.442 Thread 0x000000001cd05800 Uncommon trap: reason=unstable_if action=reinterpret pc=0x0000000003bf18e4 method=org.gradle.execution.plan.Node.isComplete()Z @ 17
Event: 18.444 Thread 0x000000001cd0c800 Uncommon trap: reason=unstable_if action=reinterpret pc=0x0000000004355230 method=java.util.concurrent.locks.AbstractQueuedSynchronizer.acquireQueued(Ljava/util/concurrent/locks/AbstractQueuedSynchronizer$Node;I)Z @ 70
Event: 18.445 Thread 0x000000001cd08800 Uncommon trap: reason=unstable_if action=reinterpret pc=0x0000000004355230 method=java.util.concurrent.locks.AbstractQueuedSynchronizer.acquireQueued(Ljava/util/concurrent/locks/AbstractQueuedSynchronizer$Node;I)Z @ 70
Event: 18.451 Thread 0x000000001d5e3000 Uncommon trap: reason=unstable_if action=reinterpret pc=0x00000000047eeb38 method=java.util.HashMap.removeNode(ILjava/lang/Object;Ljava/lang/Object;ZZ)Ljava/util/HashMap$Node; @ 71

Classes redefined (0 events):
No events

Internal exceptions (10 events):
Event: 14.457 Thread 0x000000001cd05800 Exception <a 'java/lang/NoSuchMethodError': <clinit>> (0x00000000d80f7330) thrown at [C:\src\AOSP-openjdk-git\hotspot\src\share\vm\prims\jni.cpp, line 1615]
Event: 14.458 Thread 0x000000001cd05800 Exception <a 'java/lang/NoSuchMethodError': <clinit>> (0x00000000d8105240) thrown at [C:\src\AOSP-openjdk-git\hotspot\src\share\vm\prims\jni.cpp, line 1615]
Event: 14.458 Thread 0x000000001cd05800 Exception <a 'java/lang/NoSuchMethodError': <clinit>> (0x00000000d8118390) thrown at [C:\src\AOSP-openjdk-git\hotspot\src\share\vm\prims\jni.cpp, line 1615]
Event: 14.463 Thread 0x000000001cd05800 Exception <a 'java/lang/NoSuchMethodError': <clinit>> (0x00000000d814cf98) thrown at [C:\src\AOSP-openjdk-git\hotspot\src\share\vm\prims\jni.cpp, line 1615]
Event: 14.480 Thread 0x000000001cd05800 Exception <a 'java/lang/NoSuchMethodError': <clinit>> (0x00000000d8300f70) thrown at [C:\src\AOSP-openjdk-git\hotspot\src\share\vm\prims\jni.cpp, line 1615]
Event: 14.485 Thread 0x000000001cd05800 Exception <a 'java/lang/NoSuchMethodError': <clinit>> (0x00000000d83e3d68) thrown at [C:\src\AOSP-openjdk-git\hotspot\src\share\vm\prims\jni.cpp, line 1615]
Event: 18.372 Thread 0x000000001cd05800 Exception <a 'java/lang/reflect/InvocationTargetException'> (0x00000000d8701bd0) thrown at [C:\src\AOSP-openjdk-git\hotspot\src\share\vm\runtime\reflection.cpp, line 1092]
Event: 18.443 Thread 0x000000001d5e6000 Exception <a 'java/lang/NoSuchMethodError': <clinit>> (0x00000000d56d3560) thrown at [C:\src\AOSP-openjdk-git\hotspot\src\share\vm\prims\jni.cpp, line 1615]
Event: 18.445 Thread 0x000000001d5e6000 Exception <a 'java/lang/NoSuchMethodError': <clinit>> (0x00000000d56e3ac0) thrown at [C:\src\AOSP-openjdk-git\hotspot\src\share\vm\prims\jni.cpp, line 1615]
Event: 18.478 Thread 0x000000001d5e3000 Exception <a 'sun/nio/fs/WindowsException'> (0x00000000d8ba6a48) thrown at [C:\src\AOSP-openjdk-git\hotspot\src\share\vm\prims\jni.cpp, line 710]

Events (10 events):
Event: 18.475 loading class java/nio/file/FileAlreadyExistsException
Event: 18.475 loading class java/nio/file/FileAlreadyExistsException done
Event: 18.475 loading class com/android/build/gradle/internal/SdkLibDataFactory$getSettingsController$1
Event: 18.475 loading class com/android/build/gradle/internal/SdkLibDataFactory$getSettingsController$1 done
Event: 18.476 loading class com/android/repository/api/SettingsController
Event: 18.476 loading class com/android/repository/api/SettingsController done
Event: 18.476 loading class com/android/sdklib/repository/legacy/remote/internal/DownloadCache$Strategy
Event: 18.476 loading class com/android/sdklib/repository/legacy/remote/internal/DownloadCache$Strategy done
Event: 18.476 loading class com/android/sdklib/repository/legacy/remote/internal/DownloadCache
Event: 18.476 loading class com/android/sdklib/repository/legacy/remote/internal/DownloadCache done


Dynamic libraries:
0x00007ff610aa0000 - 0x00007ff610ad1000 	E:\AndroidStudio\jre\bin\java.exe
0x00007ff8f8200000 - 0x00007ff8f83f0000 	C:\Windows\SYSTEM32\ntdll.dll
0x00007ff8f7160000 - 0x00007ff8f7212000 	C:\Windows\System32\KERNEL32.DLL
0x00007ff8f5320000 - 0x00007ff8f55c4000 	C:\Windows\System32\KERNELBASE.dll
0x00007ff8f74f0000 - 0x00007ff8f7593000 	C:\Windows\System32\ADVAPI32.dll
0x00007ff8f7e60000 - 0x00007ff8f7efe000 	C:\Windows\System32\msvcrt.dll
0x00007ff8f7d10000 - 0x00007ff8f7da7000 	C:\Windows\System32\sechost.dll
0x00007ff8f7220000 - 0x00007ff8f7340000 	C:\Windows\System32\RPCRT4.dll
0x00007ff8f6fc0000 - 0x00007ff8f7155000 	C:\Windows\System32\USER32.dll
0x00007ff8f5180000 - 0x00007ff8f51a1000 	C:\Windows\System32\win32u.dll
0x00007ff8f75a0000 - 0x00007ff8f75c6000 	C:\Windows\System32\GDI32.dll
0x00007ff8f5850000 - 0x00007ff8f59e6000 	C:\Windows\System32\gdi32full.dll
0x00007ff8f5280000 - 0x00007ff8f531e000 	C:\Windows\System32\msvcp_win.dll
0x00007ff8f5750000 - 0x00007ff8f584a000 	C:\Windows\System32\ucrtbase.dll
0x00007ff8d9090000 - 0x00007ff8d9314000 	C:\Windows\WinSxS\amd64_microsoft.windows.common-controls_6595b64144ccf1df_6.0.18362.1016_none_9e7a36bbe461dae4\COMCTL32.dll
0x00007ff8f6510000 - 0x00007ff8f6845000 	C:\Windows\System32\combase.dll
0x00007ff8f59f0000 - 0x00007ff8f5a70000 	C:\Windows\System32\bcryptPrimitives.dll
0x00007ff8f62d0000 - 0x00007ff8f62fe000 	C:\Windows\System32\IMM32.DLL
0x00000000748a0000 - 0x0000000074972000 	E:\AndroidStudio\jre\jre\bin\msvcr100.dll
0x00000000753f0000 - 0x0000000075c3b000 	E:\AndroidStudio\jre\jre\bin\server\jvm.dll
0x00007ff8f75d0000 - 0x00007ff8f75d8000 	C:\Windows\System32\PSAPI.DLL
0x00007ff8ed0b0000 - 0x00007ff8ed0b9000 	C:\Windows\SYSTEM32\WSOCK32.dll
0x00007ff8f2a70000 - 0x00007ff8f2a94000 	C:\Windows\SYSTEM32\WINMM.dll
0x00007ff8eeed0000 - 0x00007ff8eeeda000 	C:\Windows\SYSTEM32\VERSION.dll
0x00007ff8f7480000 - 0x00007ff8f74ef000 	C:\Windows\System32\WS2_32.dll
0x00007ff8f2a40000 - 0x00007ff8f2a6d000 	C:\Windows\SYSTEM32\WINMMBASE.dll
0x00007ff8f5230000 - 0x00007ff8f527a000 	C:\Windows\System32\cfgmgr32.dll
0x00007ff8eb5b0000 - 0x00007ff8eb5bf000 	E:\AndroidStudio\jre\jre\bin\verify.dll
0x00007ff8e6c10000 - 0x00007ff8e6c39000 	E:\AndroidStudio\jre\jre\bin\java.dll
0x00007ff8e6e30000 - 0x00007ff8e6e46000 	E:\AndroidStudio\jre\jre\bin\zip.dll
0x00007ff8f6850000 - 0x00007ff8f6f37000 	C:\Windows\System32\SHELL32.dll
0x00007ff8f7db0000 - 0x00007ff8f7e59000 	C:\Windows\System32\shcore.dll
0x00007ff8f5b20000 - 0x00007ff8f62a2000 	C:\Windows\System32\windows.storage.dll
0x00007ff8f5150000 - 0x00007ff8f5173000 	C:\Windows\System32\profapi.dll
0x00007ff8f50e0000 - 0x00007ff8f512a000 	C:\Windows\System32\powrprof.dll
0x00007ff8f50b0000 - 0x00007ff8f50c0000 	C:\Windows\System32\UMPDC.dll
0x00007ff8f64b0000 - 0x00007ff8f6502000 	C:\Windows\System32\shlwapi.dll
0x00007ff8f5130000 - 0x00007ff8f5141000 	C:\Windows\System32\kernel.appcore.dll
0x00007ff8f5210000 - 0x00007ff8f5227000 	C:\Windows\System32\cryptsp.dll
0x00007ff8e55b0000 - 0x00007ff8e55ca000 	E:\AndroidStudio\jre\jre\bin\net.dll
0x00007ff8f4910000 - 0x00007ff8f4977000 	C:\Windows\system32\mswsock.dll
0x00007ff8e5590000 - 0x00007ff8e55a3000 	E:\AndroidStudio\jre\jre\bin\nio.dll
0x00007ff8dcf80000 - 0x00007ff8dcfa6000 	C:\Users\Alex\.gradle\native\31\windows-amd64\native-platform.dll
0x00007ff8eb210000 - 0x00007ff8eb21d000 	E:\AndroidStudio\jre\jre\bin\management.dll
0x00007ff8f4480000 - 0x00007ff8f44b3000 	C:\Windows\system32\rsaenh.dll
0x00007ff8f55d0000 - 0x00007ff8f55f6000 	C:\Windows\System32\bcrypt.dll
0x00007ff8f4fd0000 - 0x00007ff8f4ff5000 	C:\Windows\SYSTEM32\USERENV.dll
0x00007ff8f4ae0000 - 0x00007ff8f4aec000 	C:\Windows\SYSTEM32\CRYPTBASE.dll
0x00007ff8f4620000 - 0x00007ff8f465a000 	C:\Windows\SYSTEM32\IPHLPAPI.DLL
0x00007ff8f81b0000 - 0x00007ff8f81b8000 	C:\Windows\System32\NSI.dll
0x00007ff8ee7d0000 - 0x00007ff8ee7e6000 	C:\Windows\SYSTEM32\dhcpcsvc6.DLL
0x00007ff8ed900000 - 0x00007ff8ed91c000 	C:\Windows\SYSTEM32\dhcpcsvc.DLL
0x00007ff8f4660000 - 0x00007ff8f472b000 	C:\Windows\SYSTEM32\DNSAPI.dll
0x00007ff8efcc0000 - 0x00007ff8efcde000 	C:\Users\Alex\AppData\Local\Temp\native-platform7530979828350838339dir\native-platform.dll

VM Arguments:
jvm_args: -Xmx2048m -Dfile.encoding=windows-1252 -Duser.country=US -Duser.language=en -Duser.variant 
java_command: org.gradle.launcher.daemon.bootstrap.GradleDaemon 6.1.1
java_class_path (initial): C:\Users\Alex\.gradle\wrapper\dists\gradle-6.1.1-all\cfmwm155h49vnt3hynmlrsdst\gradle-6.1.1\lib\gradle-launcher-6.1.1.jar
Launcher Type: SUN_STANDARD

Environment Variables:
PATH=C:\ProgramData\Oracle\Java\javapath;C:\Windows\system32;C:\Windows;C:\Windows\System32\Wbem;C:\Windows\System32\WindowsPowerShell\v1.0\;C:\Windows\System32\OpenSSH\;C:\Program Files (x86)\NVIDIA Corporation\PhysX\Common;C:\Program Files\dotnet\;C:\Program Files\Git\cmd;C:\Program Files\NVIDIA Corporation\NVIDIA NvDLISR;C:\Program Files\PuTTY\;C:\Program Files\OpenSSL-Win64\bin;C:\Program Files\nodejs\;E:\Program Files\PowerShell\7\;C:\Program Files\CMake\bin;C:\Users\Alex\AppData\Local\Microsoft\WindowsApps;C:\Program Files\JetBrains\IntelliJ IDEA Community Edition 2019.2.2\bin;C:\Program Files\JetBrains\PyCharm Community Edition 2019.2.1\bin;C:\Program Files\JetBrains\PyCharm 2019.2.2\bin;C:\Program Files\JetBrains\IntelliJ IDEA 2019.2.2\bin;C:\Program Files\JetBrains\CLion 2019.2.4\bin;C:\Users\Alex\AppData\Local\Programs\Microsoft VS Code\bin;C:\Program Files (x86)\Graphviz2.38\bin;E:\IntelliJ IDEA 2020.1.3\bin;C:\Users\Alex\AppData\Roaming\npm;C:\Users\Alex\.dotnet\tools;C:\Users\Alex\AppData\Local\atom\bin
USERNAME=Alex
OS=Windows_NT
PROCESSOR_IDENTIFIER=Intel64 Family 6 Model 158 Stepping 10, GenuineIntel



---------------  S Y S T E M  ---------------

OS: Windows 10.0 , 64 bit Build 18362 (10.0.18362.959)

CPU:total 12 (initial active 12) (6 cores per cpu, 2 threads per core) family 6 model 158 stepping 10, cmov, cx8, fxsr, mmx, sse, sse2, sse3, ssse3, sse4.1, sse4.2, popcnt, avx, avx2, aes, clmul, erms, 3dnowpref, lzcnt, ht, tsc, tscinvbit, bmi1, bmi2, adx

Memory: 4k page, physical 16617708k(3625264k free), swap 25006316k(29700k free)

vm_info: OpenJDK 64-Bit Server VM (25.242-b01) for windows-amd64 JRE (1.8.0_242-release-1644-b01), built by "builder" with MS VC++ 10.0 (VS2010)

time: Wed Aug 26 01:07:14 2020
timezone: FLE Daylight Time
elapsed time: 18 seconds (0d 0h 0m 18s)

